log file: logs/240609-182811.log
--------------------------------------------------------------------------------
Config 1 (totally 1 configs)
No.1 training process of 5
>>> dataset: restaurant
>>> output_dir: output
>>> SRD: 5
>>> learning_rate: 3e-05
>>> use_unique_bert: True
>>> use_bert_spc: False
>>> local_context_focus: fusion
>>> num_train_epochs: 5.0
>>> train_batch_size: 16
>>> dropout: 0.0
>>> max_seq_length: 80
>>> eval_batch_size: 32
>>> eval_steps: 20
>>> gradient_accumulation_steps: 1
>>> config_path: experiments.json
>>> device: cpu
>>> seed: 1
>>> bert_model: bert-base-uncased
>>> data_dir: atepc_datasets/restaurant
***** Running training *****
  Num examples = 3602
  Batch size = 16
  Num steps = 1125
################################################################################
Train 1 Epoch1
################################################################################
################################################################################
Train 1 Epoch2
################################################################################
################################################################################
Train 1 Epoch3
################################################################################
################################################################################
Train 1 Epoch4
################################################################################
********************************************************************************
Train 1 Epoch4, Evaluate for atepc_datasets/restaurant
APC_test_acc: 64.61(max: 64.61)  APC_test_f1: 28.87(max: 28.87)
ATE_test_f1: 40.69(max:40.69)
********************************************************************************
********************************************************************************
Train 1 Epoch4, Evaluate for atepc_datasets/restaurant
APC_test_acc: 64.97(max: 64.97)  APC_test_f1: 26.25(max: 28.87)
ATE_test_f1: 47.4(max:47.4)
********************************************************************************
********************************************************************************
Train 1 Epoch4, Evaluate for atepc_datasets/restaurant
APC_test_acc: 65.33(max: 65.33)  APC_test_f1: 28.86(max: 28.87)
ATE_test_f1: 30.51(max:47.4)
********************************************************************************
********************************************************************************
Train 1 Epoch4, Evaluate for atepc_datasets/restaurant
APC_test_acc: 64.97(max: 65.33)  APC_test_f1: 26.25(max: 28.87)
ATE_test_f1: 29.26(max:47.4)
********************************************************************************
********************************************************************************
Train 1 Epoch4, Evaluate for atepc_datasets/restaurant
APC_test_acc: 64.88(max: 65.33)  APC_test_f1: 26.23(max: 28.87)
ATE_test_f1: 48.38(max:48.38)
********************************************************************************
********************************************************************************
Train 1 Epoch4, Evaluate for atepc_datasets/restaurant
APC_test_acc: 64.97(max: 65.33)  APC_test_f1: 26.58(max: 28.87)
ATE_test_f1: 45.92(max:48.38)
********************************************************************************
********************************************************************************
Train 1 Epoch4, Evaluate for atepc_datasets/restaurant
APC_test_acc: 64.97(max: 65.33)  APC_test_f1: 26.25(max: 28.87)
ATE_test_f1: 37.68(max:48.38)
********************************************************************************
********************************************************************************
Train 1 Epoch4, Evaluate for atepc_datasets/restaurant
APC_test_acc: 64.97(max: 65.33)  APC_test_f1: 26.25(max: 28.87)
ATE_test_f1: 47.34(max:48.38)
********************************************************************************
********************************************************************************
Train 1 Epoch4, Evaluate for atepc_datasets/restaurant
APC_test_acc: 66.04(max: 66.04)  APC_test_f1: 33.67(max: 33.67)
ATE_test_f1: 45.5(max:48.38)
********************************************************************************
********************************************************************************
Train 1 Epoch4, Evaluate for atepc_datasets/restaurant
APC_test_acc: 65.15(max: 66.04)  APC_test_f1: 27.6(max: 33.67)
ATE_test_f1: 29.88(max:48.38)
********************************************************************************
********************************************************************************
Train 1 Epoch4, Evaluate for atepc_datasets/restaurant
APC_test_acc: 66.04(max: 66.04)  APC_test_f1: 35.88(max: 35.88)
ATE_test_f1: 27.55(max:48.38)
********************************************************************************
********************************************************************************
Train 1 Epoch4, Evaluate for atepc_datasets/restaurant
APC_test_acc: 65.24(max: 66.04)  APC_test_f1: 29.1(max: 35.88)
ATE_test_f1: 41.49(max:48.38)
********************************************************************************
################################################################################
Train 1 Epoch5
################################################################################
********************************************************************************
Train 1 Epoch5, Evaluate for atepc_datasets/restaurant
APC_test_acc: 64.97(max: 66.04)  APC_test_f1: 26.25(max: 35.88)
ATE_test_f1: 49.61(max:49.61)
********************************************************************************
********************************************************************************
Train 1 Epoch5, Evaluate for atepc_datasets/restaurant
APC_test_acc: 65.24(max: 66.04)  APC_test_f1: 27.94(max: 35.88)
ATE_test_f1: 48.28(max:49.61)
********************************************************************************
********************************************************************************
Train 1 Epoch5, Evaluate for atepc_datasets/restaurant
APC_test_acc: 64.97(max: 66.04)  APC_test_f1: 26.25(max: 35.88)
ATE_test_f1: 51.72(max:51.72)
********************************************************************************
********************************************************************************
Train 1 Epoch5, Evaluate for atepc_datasets/restaurant
APC_test_acc: 65.77(max: 66.04)  APC_test_f1: 35.73(max: 35.88)
ATE_test_f1: 38.82(max:51.72)
********************************************************************************
********************************************************************************
Train 1 Epoch5, Evaluate for atepc_datasets/restaurant
APC_test_acc: 65.24(max: 66.04)  APC_test_f1: 28.24(max: 35.88)
ATE_test_f1: 47.26(max:51.72)
********************************************************************************
********************************************************************************
Train 1 Epoch5, Evaluate for atepc_datasets/restaurant
APC_test_acc: 64.88(max: 66.04)  APC_test_f1: 26.59(max: 35.88)
ATE_test_f1: 46.93(max:51.72)
********************************************************************************
********************************************************************************
Train 1 Epoch5, Evaluate for atepc_datasets/restaurant
APC_test_acc: 62.38(max: 66.04)  APC_test_f1: 37.17(max: 37.17)
ATE_test_f1: 45.56(max:51.72)
********************************************************************************
********************************************************************************
Train 1 Epoch5, Evaluate for atepc_datasets/restaurant
APC_test_acc: 64.97(max: 66.04)  APC_test_f1: 38.05(max: 38.05)
ATE_test_f1: 46.98(max:51.72)
********************************************************************************
********************************************************************************
Train 1 Epoch5, Evaluate for atepc_datasets/restaurant
APC_test_acc: 65.15(max: 66.04)  APC_test_f1: 27.29(max: 38.05)
ATE_test_f1: 50.39(max:51.72)
********************************************************************************
********************************************************************************
Train 1 Epoch5, Evaluate for atepc_datasets/restaurant
APC_test_acc: 65.24(max: 66.04)  APC_test_f1: 29.1(max: 38.05)
ATE_test_f1: 42.81(max:51.72)
********************************************************************************
********************************************************************************
Train 1 Epoch5, Evaluate for atepc_datasets/restaurant
APC_test_acc: 65.06(max: 66.04)  APC_test_f1: 27.58(max: 38.05)
ATE_test_f1: 47.05(max:51.72)
********************************************************************************
max_ate_test_f1:51.72 max_apc_test_acc: 66.04	max_apc_test_f1: 38.05 	
No.2 training process of 5
>>> dataset: restaurant
>>> output_dir: output
>>> SRD: 5
>>> learning_rate: 3e-05
>>> use_unique_bert: True
>>> use_bert_spc: False
>>> local_context_focus: fusion
>>> num_train_epochs: 5.0
>>> train_batch_size: 16
>>> dropout: 0.0
>>> max_seq_length: 80
>>> eval_batch_size: 32
>>> eval_steps: 20
>>> gradient_accumulation_steps: 1
>>> config_path: experiments.json
>>> device: cpu
>>> seed: 2
>>> bert_model: bert-base-uncased
>>> data_dir: atepc_datasets/restaurant
***** Running training *****
  Num examples = 3602
  Batch size = 16
  Num steps = 1125
################################################################################
Train 2 Epoch1
################################################################################
################################################################################
Train 2 Epoch2
################################################################################
################################################################################
Train 2 Epoch3
################################################################################
################################################################################
Train 2 Epoch4
################################################################################
********************************************************************************
Train 2 Epoch4, Evaluate for atepc_datasets/restaurant
APC_test_acc: 81.95(max: 81.95)  APC_test_f1: 71.62(max: 71.62)
ATE_test_f1: 60.32(max:60.32)
********************************************************************************
********************************************************************************
Train 2 Epoch4, Evaluate for atepc_datasets/restaurant
APC_test_acc: 80.61(max: 81.95)  APC_test_f1: 64.23(max: 71.62)
ATE_test_f1: 58.76(max:60.32)
********************************************************************************
********************************************************************************
Train 2 Epoch4, Evaluate for atepc_datasets/restaurant
APC_test_acc: 81.68(max: 81.95)  APC_test_f1: 71.49(max: 71.62)
ATE_test_f1: 61.41(max:61.41)
********************************************************************************
********************************************************************************
Train 2 Epoch4, Evaluate for atepc_datasets/restaurant
APC_test_acc: 82.39(max: 82.39)  APC_test_f1: 72.62(max: 72.62)
ATE_test_f1: 60.99(max:61.41)
********************************************************************************
********************************************************************************
Train 2 Epoch4, Evaluate for atepc_datasets/restaurant
APC_test_acc: 83.74(max: 83.74)  APC_test_f1: 75.34(max: 75.34)
ATE_test_f1: 61.28(max:61.41)
********************************************************************************
********************************************************************************
Train 2 Epoch4, Evaluate for atepc_datasets/restaurant
APC_test_acc: 82.39(max: 83.74)  APC_test_f1: 71.82(max: 75.34)
ATE_test_f1: 62.38(max:62.38)
********************************************************************************
********************************************************************************
Train 2 Epoch4, Evaluate for atepc_datasets/restaurant
APC_test_acc: 82.31(max: 83.74)  APC_test_f1: 71.35(max: 75.34)
ATE_test_f1: 57.26(max:62.38)
********************************************************************************
********************************************************************************
Train 2 Epoch4, Evaluate for atepc_datasets/restaurant
APC_test_acc: 81.95(max: 83.74)  APC_test_f1: 75.32(max: 75.34)
ATE_test_f1: 61.26(max:62.38)
********************************************************************************
********************************************************************************
Train 2 Epoch4, Evaluate for atepc_datasets/restaurant
APC_test_acc: 80.61(max: 83.74)  APC_test_f1: 69.62(max: 75.34)
ATE_test_f1: 53.68(max:62.38)
********************************************************************************
********************************************************************************
Train 2 Epoch4, Evaluate for atepc_datasets/restaurant
APC_test_acc: 82.66(max: 83.74)  APC_test_f1: 73.07(max: 75.34)
ATE_test_f1: 54.1(max:62.38)
********************************************************************************
********************************************************************************
Train 2 Epoch4, Evaluate for atepc_datasets/restaurant
APC_test_acc: 82.04(max: 83.74)  APC_test_f1: 70.91(max: 75.34)
ATE_test_f1: 55.02(max:62.38)
********************************************************************************
********************************************************************************
Train 2 Epoch4, Evaluate for atepc_datasets/restaurant
APC_test_acc: 83.02(max: 83.74)  APC_test_f1: 74.41(max: 75.34)
ATE_test_f1: 55.72(max:62.38)
********************************************************************************
################################################################################
Train 2 Epoch5
################################################################################
********************************************************************************
Train 2 Epoch5, Evaluate for atepc_datasets/restaurant
APC_test_acc: 82.04(max: 83.74)  APC_test_f1: 72.29(max: 75.34)
ATE_test_f1: 54.98(max:62.38)
********************************************************************************
********************************************************************************
Train 2 Epoch5, Evaluate for atepc_datasets/restaurant
APC_test_acc: 81.5(max: 83.74)  APC_test_f1: 73.79(max: 75.34)
ATE_test_f1: 52.9(max:62.38)
********************************************************************************
********************************************************************************
Train 2 Epoch5, Evaluate for atepc_datasets/restaurant
APC_test_acc: 81.95(max: 83.74)  APC_test_f1: 72.97(max: 75.34)
ATE_test_f1: 54.07(max:62.38)
********************************************************************************
********************************************************************************
Train 2 Epoch5, Evaluate for atepc_datasets/restaurant
APC_test_acc: 80.52(max: 83.74)  APC_test_f1: 69.85(max: 75.34)
ATE_test_f1: 56.6(max:62.38)
********************************************************************************
********************************************************************************
Train 2 Epoch5, Evaluate for atepc_datasets/restaurant
APC_test_acc: 81.41(max: 83.74)  APC_test_f1: 73.12(max: 75.34)
ATE_test_f1: 56.48(max:62.38)
********************************************************************************
********************************************************************************
Train 2 Epoch5, Evaluate for atepc_datasets/restaurant
APC_test_acc: 81.41(max: 83.74)  APC_test_f1: 68.77(max: 75.34)
ATE_test_f1: 59.96(max:62.38)
********************************************************************************
********************************************************************************
Train 2 Epoch5, Evaluate for atepc_datasets/restaurant
APC_test_acc: 82.31(max: 83.74)  APC_test_f1: 71.53(max: 75.34)
ATE_test_f1: 57.16(max:62.38)
********************************************************************************
********************************************************************************
Train 2 Epoch5, Evaluate for atepc_datasets/restaurant
APC_test_acc: 81.14(max: 83.74)  APC_test_f1: 68.77(max: 75.34)
ATE_test_f1: 56.81(max:62.38)
********************************************************************************
********************************************************************************
Train 2 Epoch5, Evaluate for atepc_datasets/restaurant
APC_test_acc: 81.23(max: 83.74)  APC_test_f1: 74.16(max: 75.34)
ATE_test_f1: 58.6(max:62.38)
********************************************************************************
********************************************************************************
Train 2 Epoch5, Evaluate for atepc_datasets/restaurant
APC_test_acc: 81.5(max: 83.74)  APC_test_f1: 72.79(max: 75.34)
ATE_test_f1: 58.63(max:62.38)
********************************************************************************
********************************************************************************
Train 2 Epoch5, Evaluate for atepc_datasets/restaurant
APC_test_acc: 82.57(max: 83.74)  APC_test_f1: 71.34(max: 75.34)
ATE_test_f1: 59.52(max:62.38)
********************************************************************************
max_ate_test_f1:62.38 max_apc_test_acc: 83.74	max_apc_test_f1: 75.34 	
No.3 training process of 5
>>> dataset: restaurant
>>> output_dir: output
>>> SRD: 5
>>> learning_rate: 3e-05
>>> use_unique_bert: True
>>> use_bert_spc: False
>>> local_context_focus: fusion
>>> num_train_epochs: 5.0
>>> train_batch_size: 16
>>> dropout: 0.0
>>> max_seq_length: 80
>>> eval_batch_size: 32
>>> eval_steps: 20
>>> gradient_accumulation_steps: 1
>>> config_path: experiments.json
>>> device: cpu
>>> seed: 3
>>> bert_model: bert-base-uncased
>>> data_dir: atepc_datasets/restaurant
***** Running training *****
  Num examples = 3602
  Batch size = 16
  Num steps = 1125
################################################################################
Train 3 Epoch1
################################################################################
################################################################################
Train 3 Epoch2
################################################################################
################################################################################
Train 3 Epoch3
################################################################################
################################################################################
Train 3 Epoch4
################################################################################
********************************************************************************
Train 3 Epoch4, Evaluate for atepc_datasets/restaurant
APC_test_acc: 64.97(max: 64.97)  APC_test_f1: 26.25(max: 26.25)
ATE_test_f1: 0.0(max:0)
********************************************************************************
********************************************************************************
Train 3 Epoch4, Evaluate for atepc_datasets/restaurant
APC_test_acc: 64.97(max: 64.97)  APC_test_f1: 26.25(max: 26.25)
ATE_test_f1: 0.0(max:0)
********************************************************************************
********************************************************************************
Train 3 Epoch4, Evaluate for atepc_datasets/restaurant
APC_test_acc: 64.97(max: 64.97)  APC_test_f1: 26.25(max: 26.25)
ATE_test_f1: 0.0(max:0)
********************************************************************************
********************************************************************************
Train 3 Epoch4, Evaluate for atepc_datasets/restaurant
APC_test_acc: 64.97(max: 64.97)  APC_test_f1: 26.25(max: 26.25)
ATE_test_f1: 0.0(max:0)
********************************************************************************
********************************************************************************
Train 3 Epoch4, Evaluate for atepc_datasets/restaurant
APC_test_acc: 64.97(max: 64.97)  APC_test_f1: 26.25(max: 26.25)
ATE_test_f1: 0.0(max:0)
********************************************************************************
********************************************************************************
Train 3 Epoch4, Evaluate for atepc_datasets/restaurant
APC_test_acc: 64.97(max: 64.97)  APC_test_f1: 26.25(max: 26.25)
ATE_test_f1: 0.0(max:0)
********************************************************************************
********************************************************************************
Train 3 Epoch4, Evaluate for atepc_datasets/restaurant
APC_test_acc: 64.97(max: 64.97)  APC_test_f1: 26.25(max: 26.25)
ATE_test_f1: 0.0(max:0)
********************************************************************************
********************************************************************************
Train 3 Epoch4, Evaluate for atepc_datasets/restaurant
APC_test_acc: 64.97(max: 64.97)  APC_test_f1: 26.25(max: 26.25)
ATE_test_f1: 0.0(max:0)
********************************************************************************
********************************************************************************
Train 3 Epoch4, Evaluate for atepc_datasets/restaurant
APC_test_acc: 64.97(max: 64.97)  APC_test_f1: 26.25(max: 26.25)
ATE_test_f1: 0.0(max:0)
********************************************************************************
********************************************************************************
Train 3 Epoch4, Evaluate for atepc_datasets/restaurant
APC_test_acc: 64.97(max: 64.97)  APC_test_f1: 26.25(max: 26.25)
ATE_test_f1: 0.0(max:0)
********************************************************************************
********************************************************************************
Train 3 Epoch4, Evaluate for atepc_datasets/restaurant
APC_test_acc: 64.97(max: 64.97)  APC_test_f1: 26.25(max: 26.25)
ATE_test_f1: 0.0(max:0)
********************************************************************************
********************************************************************************
Train 3 Epoch4, Evaluate for atepc_datasets/restaurant
APC_test_acc: 64.97(max: 64.97)  APC_test_f1: 26.25(max: 26.25)
ATE_test_f1: 0.0(max:0)
********************************************************************************
################################################################################
Train 3 Epoch5
################################################################################
********************************************************************************
Train 3 Epoch5, Evaluate for atepc_datasets/restaurant
APC_test_acc: 64.97(max: 64.97)  APC_test_f1: 26.25(max: 26.25)
ATE_test_f1: 0.0(max:0)
********************************************************************************
********************************************************************************
Train 3 Epoch5, Evaluate for atepc_datasets/restaurant
APC_test_acc: 64.97(max: 64.97)  APC_test_f1: 26.25(max: 26.25)
ATE_test_f1: 0.0(max:0)
********************************************************************************
********************************************************************************
Train 3 Epoch5, Evaluate for atepc_datasets/restaurant
APC_test_acc: 64.97(max: 64.97)  APC_test_f1: 26.25(max: 26.25)
ATE_test_f1: 0.0(max:0)
********************************************************************************
********************************************************************************
Train 3 Epoch5, Evaluate for atepc_datasets/restaurant
APC_test_acc: 64.97(max: 64.97)  APC_test_f1: 26.25(max: 26.25)
ATE_test_f1: 0.0(max:0)
********************************************************************************
********************************************************************************
Train 3 Epoch5, Evaluate for atepc_datasets/restaurant
APC_test_acc: 64.97(max: 64.97)  APC_test_f1: 26.25(max: 26.25)
ATE_test_f1: 0.0(max:0)
********************************************************************************
********************************************************************************
Train 3 Epoch5, Evaluate for atepc_datasets/restaurant
APC_test_acc: 64.97(max: 64.97)  APC_test_f1: 26.25(max: 26.25)
ATE_test_f1: 0.0(max:0)
********************************************************************************
********************************************************************************
Train 3 Epoch5, Evaluate for atepc_datasets/restaurant
APC_test_acc: 64.97(max: 64.97)  APC_test_f1: 26.25(max: 26.25)
ATE_test_f1: 0.0(max:0)
********************************************************************************
********************************************************************************
Train 3 Epoch5, Evaluate for atepc_datasets/restaurant
APC_test_acc: 64.97(max: 64.97)  APC_test_f1: 26.25(max: 26.25)
ATE_test_f1: 0.0(max:0)
********************************************************************************
********************************************************************************
Train 3 Epoch5, Evaluate for atepc_datasets/restaurant
APC_test_acc: 64.97(max: 64.97)  APC_test_f1: 26.25(max: 26.25)
ATE_test_f1: 0.0(max:0)
********************************************************************************
********************************************************************************
Train 3 Epoch5, Evaluate for atepc_datasets/restaurant
APC_test_acc: 64.97(max: 64.97)  APC_test_f1: 26.25(max: 26.25)
ATE_test_f1: 0.0(max:0)
********************************************************************************
********************************************************************************
Train 3 Epoch5, Evaluate for atepc_datasets/restaurant
APC_test_acc: 64.97(max: 64.97)  APC_test_f1: 26.25(max: 26.25)
ATE_test_f1: 0.0(max:0)
********************************************************************************
max_ate_test_f1:62.38 max_apc_test_acc: 83.74	max_apc_test_f1: 75.34 	
No.4 training process of 5
>>> dataset: restaurant
>>> output_dir: output
>>> SRD: 5
>>> learning_rate: 3e-05
>>> use_unique_bert: True
>>> use_bert_spc: False
>>> local_context_focus: fusion
>>> num_train_epochs: 5.0
>>> train_batch_size: 16
>>> dropout: 0.0
>>> max_seq_length: 80
>>> eval_batch_size: 32
>>> eval_steps: 20
>>> gradient_accumulation_steps: 1
>>> config_path: experiments.json
>>> device: cpu
>>> seed: 4
>>> bert_model: bert-base-uncased
>>> data_dir: atepc_datasets/restaurant
***** Running training *****
  Num examples = 3602
  Batch size = 16
  Num steps = 1125
################################################################################
Train 4 Epoch1
################################################################################
################################################################################
Train 4 Epoch2
################################################################################
################################################################################
Train 4 Epoch3
################################################################################
################################################################################
Train 4 Epoch4
################################################################################
********************************************************************************
Train 4 Epoch4, Evaluate for atepc_datasets/restaurant
APC_test_acc: 64.97(max: 64.97)  APC_test_f1: 26.58(max: 26.58)
ATE_test_f1: 0.83(max:0.83)
********************************************************************************
********************************************************************************
Train 4 Epoch4, Evaluate for atepc_datasets/restaurant
APC_test_acc: 64.97(max: 64.97)  APC_test_f1: 26.25(max: 26.58)
ATE_test_f1: 0.69(max:0.83)
********************************************************************************
********************************************************************************
Train 4 Epoch4, Evaluate for atepc_datasets/restaurant
APC_test_acc: 64.97(max: 64.97)  APC_test_f1: 26.58(max: 26.58)
ATE_test_f1: 0.7(max:0.83)
********************************************************************************
********************************************************************************
Train 4 Epoch4, Evaluate for atepc_datasets/restaurant
APC_test_acc: 64.97(max: 64.97)  APC_test_f1: 26.25(max: 26.58)
ATE_test_f1: 0.83(max:0.83)
********************************************************************************
********************************************************************************
Train 4 Epoch4, Evaluate for atepc_datasets/restaurant
APC_test_acc: 64.97(max: 64.97)  APC_test_f1: 26.58(max: 26.58)
ATE_test_f1: 0.7(max:0.83)
********************************************************************************
********************************************************************************
Train 4 Epoch4, Evaluate for atepc_datasets/restaurant
APC_test_acc: 65.15(max: 65.15)  APC_test_f1: 27.59(max: 27.59)
ATE_test_f1: 0.7(max:0.83)
********************************************************************************
********************************************************************************
Train 4 Epoch4, Evaluate for atepc_datasets/restaurant
APC_test_acc: 64.97(max: 65.15)  APC_test_f1: 26.58(max: 27.59)
ATE_test_f1: 0.7(max:0.83)
********************************************************************************
********************************************************************************
Train 4 Epoch4, Evaluate for atepc_datasets/restaurant
APC_test_acc: 64.97(max: 65.15)  APC_test_f1: 26.25(max: 27.59)
ATE_test_f1: 0.0(max:0.83)
********************************************************************************
********************************************************************************
Train 4 Epoch4, Evaluate for atepc_datasets/restaurant
APC_test_acc: 64.97(max: 65.15)  APC_test_f1: 26.58(max: 27.59)
ATE_test_f1: 0.0(max:0.83)
********************************************************************************
********************************************************************************
Train 4 Epoch4, Evaluate for atepc_datasets/restaurant
APC_test_acc: 64.97(max: 65.15)  APC_test_f1: 26.91(max: 27.59)
ATE_test_f1: 0.69(max:0.83)
********************************************************************************
********************************************************************************
Train 4 Epoch4, Evaluate for atepc_datasets/restaurant
APC_test_acc: 64.97(max: 65.15)  APC_test_f1: 26.58(max: 27.59)
ATE_test_f1: 0.69(max:0.83)
********************************************************************************
********************************************************************************
Train 4 Epoch4, Evaluate for atepc_datasets/restaurant
APC_test_acc: 64.97(max: 65.15)  APC_test_f1: 26.58(max: 27.59)
ATE_test_f1: 0.35(max:0.83)
********************************************************************************
################################################################################
Train 4 Epoch5
################################################################################
********************************************************************************
Train 4 Epoch5, Evaluate for atepc_datasets/restaurant
APC_test_acc: 64.97(max: 65.15)  APC_test_f1: 26.58(max: 27.59)
ATE_test_f1: 0.0(max:0.83)
********************************************************************************
********************************************************************************
Train 4 Epoch5, Evaluate for atepc_datasets/restaurant
APC_test_acc: 64.97(max: 65.15)  APC_test_f1: 26.58(max: 27.59)
ATE_test_f1: 0.0(max:0.83)
********************************************************************************
********************************************************************************
Train 4 Epoch5, Evaluate for atepc_datasets/restaurant
APC_test_acc: 64.97(max: 65.15)  APC_test_f1: 26.58(max: 27.59)
ATE_test_f1: 0.14(max:0.83)
********************************************************************************
********************************************************************************
Train 4 Epoch5, Evaluate for atepc_datasets/restaurant
APC_test_acc: 64.97(max: 65.15)  APC_test_f1: 26.58(max: 27.59)
ATE_test_f1: 0.14(max:0.83)
********************************************************************************
********************************************************************************
Train 4 Epoch5, Evaluate for atepc_datasets/restaurant
APC_test_acc: 64.97(max: 65.15)  APC_test_f1: 26.58(max: 27.59)
ATE_test_f1: 0.0(max:0.83)
********************************************************************************
********************************************************************************
Train 4 Epoch5, Evaluate for atepc_datasets/restaurant
APC_test_acc: 64.97(max: 65.15)  APC_test_f1: 26.58(max: 27.59)
ATE_test_f1: 0.14(max:0.83)
********************************************************************************
********************************************************************************
Train 4 Epoch5, Evaluate for atepc_datasets/restaurant
APC_test_acc: 64.97(max: 65.15)  APC_test_f1: 26.58(max: 27.59)
ATE_test_f1: 1.47(max:1.47)
********************************************************************************
********************************************************************************
Train 4 Epoch5, Evaluate for atepc_datasets/restaurant
APC_test_acc: 64.97(max: 65.15)  APC_test_f1: 26.58(max: 27.59)
ATE_test_f1: 1.46(max:1.47)
********************************************************************************
********************************************************************************
Train 4 Epoch5, Evaluate for atepc_datasets/restaurant
APC_test_acc: 64.97(max: 65.15)  APC_test_f1: 26.58(max: 27.59)
ATE_test_f1: 0.0(max:1.47)
********************************************************************************
********************************************************************************
Train 4 Epoch5, Evaluate for atepc_datasets/restaurant
APC_test_acc: 64.97(max: 65.15)  APC_test_f1: 26.25(max: 27.59)
ATE_test_f1: 0.0(max:1.47)
********************************************************************************
********************************************************************************
Train 4 Epoch5, Evaluate for atepc_datasets/restaurant
APC_test_acc: 64.97(max: 65.15)  APC_test_f1: 26.25(max: 27.59)
ATE_test_f1: 0.0(max:1.47)
********************************************************************************
max_ate_test_f1:62.38 max_apc_test_acc: 83.74	max_apc_test_f1: 75.34 	
No.5 training process of 5
>>> dataset: restaurant
>>> output_dir: output
>>> SRD: 5
>>> learning_rate: 3e-05
>>> use_unique_bert: True
>>> use_bert_spc: False
>>> local_context_focus: fusion
>>> num_train_epochs: 5.0
>>> train_batch_size: 16
>>> dropout: 0.0
>>> max_seq_length: 80
>>> eval_batch_size: 32
>>> eval_steps: 20
>>> gradient_accumulation_steps: 1
>>> config_path: experiments.json
>>> device: cpu
>>> seed: 5
>>> bert_model: bert-base-uncased
>>> data_dir: atepc_datasets/restaurant
***** Running training *****
  Num examples = 3602
  Batch size = 16
  Num steps = 1125
################################################################################
Train 5 Epoch1
################################################################################
################################################################################
Train 5 Epoch2
################################################################################
################################################################################
Train 5 Epoch3
################################################################################
################################################################################
Train 5 Epoch4
################################################################################
********************************************************************************
Train 5 Epoch4, Evaluate for atepc_datasets/restaurant
APC_test_acc: 80.7(max: 80.7)  APC_test_f1: 71.99(max: 71.99)
ATE_test_f1: 0.0(max:0)
********************************************************************************
********************************************************************************
Train 5 Epoch4, Evaluate for atepc_datasets/restaurant
APC_test_acc: 77.93(max: 80.7)  APC_test_f1: 57.57(max: 71.99)
ATE_test_f1: 0.0(max:0)
********************************************************************************
********************************************************************************
Train 5 Epoch4, Evaluate for atepc_datasets/restaurant
APC_test_acc: 79.71(max: 80.7)  APC_test_f1: 64.68(max: 71.99)
ATE_test_f1: 0.0(max:0)
********************************************************************************
********************************************************************************
Train 5 Epoch4, Evaluate for atepc_datasets/restaurant
APC_test_acc: 79.62(max: 80.7)  APC_test_f1: 68.1(max: 71.99)
ATE_test_f1: 3.7(max:3.7)
********************************************************************************
********************************************************************************
Train 5 Epoch4, Evaluate for atepc_datasets/restaurant
APC_test_acc: 80.07(max: 80.7)  APC_test_f1: 66.4(max: 71.99)
ATE_test_f1: 27.14(max:27.14)
********************************************************************************
********************************************************************************
Train 5 Epoch4, Evaluate for atepc_datasets/restaurant
APC_test_acc: 79.27(max: 80.7)  APC_test_f1: 65.17(max: 71.99)
ATE_test_f1: 49.87(max:49.87)
********************************************************************************
********************************************************************************
Train 5 Epoch4, Evaluate for atepc_datasets/restaurant
APC_test_acc: 80.52(max: 80.7)  APC_test_f1: 65.42(max: 71.99)
ATE_test_f1: 45.84(max:49.87)
********************************************************************************
********************************************************************************
Train 5 Epoch4, Evaluate for atepc_datasets/restaurant
APC_test_acc: 80.79(max: 80.79)  APC_test_f1: 72.07(max: 72.07)
ATE_test_f1: 50.44(max:50.44)
********************************************************************************
********************************************************************************
Train 5 Epoch4, Evaluate for atepc_datasets/restaurant
APC_test_acc: 78.28(max: 80.79)  APC_test_f1: 65.5(max: 72.07)
ATE_test_f1: 52.24(max:52.24)
********************************************************************************
********************************************************************************
Train 5 Epoch4, Evaluate for atepc_datasets/restaurant
APC_test_acc: 81.59(max: 81.59)  APC_test_f1: 70.51(max: 72.07)
ATE_test_f1: 51.84(max:52.24)
********************************************************************************
********************************************************************************
Train 5 Epoch4, Evaluate for atepc_datasets/restaurant
APC_test_acc: 80.97(max: 81.59)  APC_test_f1: 70.88(max: 72.07)
ATE_test_f1: 51.44(max:52.24)
********************************************************************************
********************************************************************************
Train 5 Epoch4, Evaluate for atepc_datasets/restaurant
APC_test_acc: 79.89(max: 81.59)  APC_test_f1: 62.55(max: 72.07)
ATE_test_f1: 50.94(max:52.24)
********************************************************************************
################################################################################
Train 5 Epoch5
################################################################################
********************************************************************************
Train 5 Epoch5, Evaluate for atepc_datasets/restaurant
APC_test_acc: 82.13(max: 82.13)  APC_test_f1: 71.43(max: 72.07)
ATE_test_f1: 49.29(max:52.24)
********************************************************************************
********************************************************************************
Train 5 Epoch5, Evaluate for atepc_datasets/restaurant
APC_test_acc: 79.71(max: 82.13)  APC_test_f1: 68.94(max: 72.07)
ATE_test_f1: 50.24(max:52.24)
********************************************************************************
********************************************************************************
Train 5 Epoch5, Evaluate for atepc_datasets/restaurant
APC_test_acc: 82.04(max: 82.13)  APC_test_f1: 72.8(max: 72.8)
ATE_test_f1: 51.98(max:52.24)
********************************************************************************
********************************************************************************
Train 5 Epoch5, Evaluate for atepc_datasets/restaurant
APC_test_acc: 80.25(max: 82.13)  APC_test_f1: 66.82(max: 72.8)
ATE_test_f1: 41.55(max:52.24)
********************************************************************************
********************************************************************************
Train 5 Epoch5, Evaluate for atepc_datasets/restaurant
APC_test_acc: 79.71(max: 82.13)  APC_test_f1: 69.53(max: 72.8)
ATE_test_f1: 40.49(max:52.24)
********************************************************************************
********************************************************************************
Train 5 Epoch5, Evaluate for atepc_datasets/restaurant
APC_test_acc: 80.43(max: 82.13)  APC_test_f1: 67.86(max: 72.8)
ATE_test_f1: 2.95(max:52.24)
********************************************************************************
********************************************************************************
Train 5 Epoch5, Evaluate for atepc_datasets/restaurant
APC_test_acc: 83.38(max: 83.38)  APC_test_f1: 75.93(max: 75.93)
ATE_test_f1: 26.46(max:52.24)
********************************************************************************
********************************************************************************
Train 5 Epoch5, Evaluate for atepc_datasets/restaurant
APC_test_acc: 79.98(max: 83.38)  APC_test_f1: 66.45(max: 75.93)
ATE_test_f1: 2.24(max:52.24)
********************************************************************************
********************************************************************************
Train 5 Epoch5, Evaluate for atepc_datasets/restaurant
APC_test_acc: 81.41(max: 83.38)  APC_test_f1: 71.17(max: 75.93)
ATE_test_f1: 0.0(max:52.24)
********************************************************************************
********************************************************************************
Train 5 Epoch5, Evaluate for atepc_datasets/restaurant
APC_test_acc: 81.77(max: 83.38)  APC_test_f1: 71.39(max: 75.93)
ATE_test_f1: 0.0(max:52.24)
********************************************************************************
********************************************************************************
Train 5 Epoch5, Evaluate for atepc_datasets/restaurant
APC_test_acc: 83.65(max: 83.65)  APC_test_f1: 75.09(max: 75.93)
ATE_test_f1: 0.0(max:52.24)
********************************************************************************
max_ate_test_f1:62.38 max_apc_test_acc: 83.74	max_apc_test_f1: 75.93 	
