log file: logs/240703-171936.log
--------------------------------------------------------------------------------
Config 1 (totally 1 configs)
No.1 training process of 5
>>> dataset: restaurant
>>> output_dir: output
>>> SRD: 5
>>> learning_rate: 3e-05
>>> use_unique_bert: True
>>> use_bert_spc: False
>>> local_context_focus: fusion
>>> num_train_epochs: 5.0
>>> train_batch_size: 16
>>> dropout: 0.0
>>> max_seq_length: 80
>>> eval_batch_size: 32
>>> eval_steps: 20
>>> gradient_accumulation_steps: 1
>>> config_path: experiments.json
>>> device: cpu
>>> seed: 1
>>> bert_model: bert-base-uncased
>>> data_dir: atepc_datasets/restaurant
***** Running training *****
  Num examples = 3308
  Batch size = 16
  Num steps = 1030
################################################################################
Train 1 Epoch1
################################################################################
################################################################################
Train 1 Epoch2
################################################################################
################################################################################
Train 1 Epoch3
################################################################################
################################################################################
Train 1 Epoch4
################################################################################
********************************************************************************
Train 1 Epoch4, Evaluate for atepc_datasets/restaurant
APC_test_acc: 79.07(max: 79.07)  APC_test_f1: 71.68(max: 71.68)
ATE_test_f1: 56.1(max:56.1)
********************************************************************************
********************************************************************************
Train 1 Epoch4, Evaluate for atepc_datasets/restaurant
APC_test_acc: 79.7(max: 79.7)  APC_test_f1: 70.55(max: 71.68)
ATE_test_f1: 55.29(max:56.1)
********************************************************************************
********************************************************************************
Train 1 Epoch4, Evaluate for atepc_datasets/restaurant
APC_test_acc: 79.84(max: 79.84)  APC_test_f1: 70.91(max: 71.68)
ATE_test_f1: 55.59(max:56.1)
********************************************************************************
********************************************************************************
Train 1 Epoch4, Evaluate for atepc_datasets/restaurant
APC_test_acc: 76.46(max: 79.84)  APC_test_f1: 71.13(max: 71.68)
ATE_test_f1: 53.96(max:56.1)
********************************************************************************
********************************************************************************
Train 1 Epoch4, Evaluate for atepc_datasets/restaurant
APC_test_acc: 74.56(max: 79.84)  APC_test_f1: 68.25(max: 71.68)
ATE_test_f1: 56.08(max:56.1)
********************************************************************************
********************************************************************************
Train 1 Epoch4, Evaluate for atepc_datasets/restaurant
APC_test_acc: 78.29(max: 79.84)  APC_test_f1: 72.29(max: 72.29)
ATE_test_f1: 56.65(max:56.65)
********************************************************************************
********************************************************************************
Train 1 Epoch4, Evaluate for atepc_datasets/restaurant
APC_test_acc: 78.22(max: 79.84)  APC_test_f1: 71.56(max: 72.29)
ATE_test_f1: 57.48(max:57.48)
********************************************************************************
********************************************************************************
Train 1 Epoch4, Evaluate for atepc_datasets/restaurant
APC_test_acc: 80.48(max: 80.48)  APC_test_f1: 72.78(max: 72.78)
ATE_test_f1: 57.37(max:57.48)
********************************************************************************
********************************************************************************
Train 1 Epoch4, Evaluate for atepc_datasets/restaurant
APC_test_acc: 79.49(max: 80.48)  APC_test_f1: 70.52(max: 72.78)
ATE_test_f1: 56.29(max:57.48)
********************************************************************************
********************************************************************************
Train 1 Epoch4, Evaluate for atepc_datasets/restaurant
APC_test_acc: 79.21(max: 80.48)  APC_test_f1: 69.42(max: 72.78)
ATE_test_f1: 57.79(max:57.79)
********************************************************************************
################################################################################
Train 1 Epoch5
################################################################################
********************************************************************************
Train 1 Epoch5, Evaluate for atepc_datasets/restaurant
APC_test_acc: 80.55(max: 80.55)  APC_test_f1: 73.16(max: 73.16)
ATE_test_f1: 59.02(max:59.02)
********************************************************************************
********************************************************************************
Train 1 Epoch5, Evaluate for atepc_datasets/restaurant
APC_test_acc: 80.62(max: 80.62)  APC_test_f1: 72.78(max: 73.16)
ATE_test_f1: 59.26(max:59.26)
********************************************************************************
********************************************************************************
Train 1 Epoch5, Evaluate for atepc_datasets/restaurant
APC_test_acc: 79.14(max: 80.62)  APC_test_f1: 72.84(max: 73.16)
ATE_test_f1: 57.16(max:59.26)
********************************************************************************
********************************************************************************
Train 1 Epoch5, Evaluate for atepc_datasets/restaurant
APC_test_acc: 79.21(max: 80.62)  APC_test_f1: 73.1(max: 73.16)
ATE_test_f1: 57.78(max:59.26)
********************************************************************************
********************************************************************************
Train 1 Epoch5, Evaluate for atepc_datasets/restaurant
APC_test_acc: 78.86(max: 80.62)  APC_test_f1: 71.99(max: 73.16)
ATE_test_f1: 58.73(max:59.26)
********************************************************************************
********************************************************************************
Train 1 Epoch5, Evaluate for atepc_datasets/restaurant
APC_test_acc: 79.28(max: 80.62)  APC_test_f1: 71.49(max: 73.16)
ATE_test_f1: 58.52(max:59.26)
********************************************************************************
********************************************************************************
Train 1 Epoch5, Evaluate for atepc_datasets/restaurant
APC_test_acc: 79.35(max: 80.62)  APC_test_f1: 72.03(max: 73.16)
ATE_test_f1: 56.71(max:59.26)
********************************************************************************
********************************************************************************
Train 1 Epoch5, Evaluate for atepc_datasets/restaurant
APC_test_acc: 79.21(max: 80.62)  APC_test_f1: 71.8(max: 73.16)
ATE_test_f1: 57.76(max:59.26)
********************************************************************************
********************************************************************************
Train 1 Epoch5, Evaluate for atepc_datasets/restaurant
APC_test_acc: 79.7(max: 80.62)  APC_test_f1: 72.51(max: 73.16)
ATE_test_f1: 56.48(max:59.26)
********************************************************************************
********************************************************************************
Train 1 Epoch5, Evaluate for atepc_datasets/restaurant
APC_test_acc: 77.45(max: 80.62)  APC_test_f1: 71.76(max: 73.16)
ATE_test_f1: 59.56(max:59.56)
********************************************************************************
max_ate_test_f1:59.56 max_apc_test_acc: 80.62	max_apc_test_f1: 73.16 	
No.2 training process of 5
>>> dataset: restaurant
>>> output_dir: output
>>> SRD: 5
>>> learning_rate: 3e-05
>>> use_unique_bert: True
>>> use_bert_spc: False
>>> local_context_focus: fusion
>>> num_train_epochs: 5.0
>>> train_batch_size: 16
>>> dropout: 0.0
>>> max_seq_length: 80
>>> eval_batch_size: 32
>>> eval_steps: 20
>>> gradient_accumulation_steps: 1
>>> config_path: experiments.json
>>> device: cpu
>>> seed: 2
>>> bert_model: bert-base-uncased
>>> data_dir: atepc_datasets/restaurant
***** Running training *****
  Num examples = 3308
  Batch size = 16
  Num steps = 1030
################################################################################
Train 2 Epoch1
################################################################################
################################################################################
Train 2 Epoch2
################################################################################
################################################################################
Train 2 Epoch3
################################################################################
################################################################################
Train 2 Epoch4
################################################################################
********************************************************************************
Train 2 Epoch4, Evaluate for atepc_datasets/restaurant
APC_test_acc: 61.59(max: 61.59)  APC_test_f1: 26.08(max: 26.08)
ATE_test_f1: 0.0(max:0)
********************************************************************************
********************************************************************************
Train 2 Epoch4, Evaluate for atepc_datasets/restaurant
APC_test_acc: 61.59(max: 61.59)  APC_test_f1: 26.08(max: 26.08)
ATE_test_f1: 0.0(max:0)
********************************************************************************
********************************************************************************
Train 2 Epoch4, Evaluate for atepc_datasets/restaurant
APC_test_acc: 61.59(max: 61.59)  APC_test_f1: 26.08(max: 26.08)
ATE_test_f1: 1.71(max:1.71)
********************************************************************************
********************************************************************************
Train 2 Epoch4, Evaluate for atepc_datasets/restaurant
APC_test_acc: 61.66(max: 61.66)  APC_test_f1: 26.33(max: 26.33)
ATE_test_f1: 0.0(max:1.71)
********************************************************************************
********************************************************************************
Train 2 Epoch4, Evaluate for atepc_datasets/restaurant
APC_test_acc: 61.59(max: 61.66)  APC_test_f1: 28.14(max: 28.14)
ATE_test_f1: 0.0(max:1.71)
********************************************************************************
********************************************************************************
Train 2 Epoch4, Evaluate for atepc_datasets/restaurant
APC_test_acc: 61.52(max: 61.66)  APC_test_f1: 28.13(max: 28.14)
ATE_test_f1: 0.0(max:1.71)
********************************************************************************
********************************************************************************
Train 2 Epoch4, Evaluate for atepc_datasets/restaurant
APC_test_acc: 61.66(max: 61.66)  APC_test_f1: 26.33(max: 28.14)
ATE_test_f1: 1.91(max:1.91)
********************************************************************************
********************************************************************************
Train 2 Epoch4, Evaluate for atepc_datasets/restaurant
APC_test_acc: 61.59(max: 61.66)  APC_test_f1: 26.09(max: 28.14)
ATE_test_f1: 0.0(max:1.91)
********************************************************************************
********************************************************************************
Train 2 Epoch4, Evaluate for atepc_datasets/restaurant
APC_test_acc: 61.59(max: 61.66)  APC_test_f1: 26.09(max: 28.14)
ATE_test_f1: 2.3(max:2.3)
********************************************************************************
********************************************************************************
Train 2 Epoch4, Evaluate for atepc_datasets/restaurant
APC_test_acc: 61.95(max: 61.95)  APC_test_f1: 27.48(max: 28.14)
ATE_test_f1: 1.6(max:2.3)
********************************************************************************
################################################################################
Train 2 Epoch5
################################################################################
********************************************************************************
Train 2 Epoch5, Evaluate for atepc_datasets/restaurant
APC_test_acc: 61.73(max: 61.95)  APC_test_f1: 26.78(max: 28.14)
ATE_test_f1: 2.79(max:2.79)
********************************************************************************
********************************************************************************
Train 2 Epoch5, Evaluate for atepc_datasets/restaurant
APC_test_acc: 61.66(max: 61.95)  APC_test_f1: 26.1(max: 28.14)
ATE_test_f1: 0.0(max:2.79)
********************************************************************************
********************************************************************************
Train 2 Epoch5, Evaluate for atepc_datasets/restaurant
APC_test_acc: 61.87(max: 61.95)  APC_test_f1: 27.03(max: 28.14)
ATE_test_f1: 2.0(max:2.79)
********************************************************************************
********************************************************************************
Train 2 Epoch5, Evaluate for atepc_datasets/restaurant
APC_test_acc: 61.66(max: 61.95)  APC_test_f1: 26.1(max: 28.14)
ATE_test_f1: 0.0(max:2.79)
********************************************************************************
********************************************************************************
Train 2 Epoch5, Evaluate for atepc_datasets/restaurant
APC_test_acc: 61.87(max: 61.95)  APC_test_f1: 28.25(max: 28.25)
ATE_test_f1: 0.22(max:2.79)
********************************************************************************
********************************************************************************
Train 2 Epoch5, Evaluate for atepc_datasets/restaurant
APC_test_acc: 61.66(max: 61.95)  APC_test_f1: 28.36(max: 28.36)
ATE_test_f1: 1.78(max:2.79)
********************************************************************************
********************************************************************************
Train 2 Epoch5, Evaluate for atepc_datasets/restaurant
APC_test_acc: 61.87(max: 61.95)  APC_test_f1: 28.25(max: 28.36)
ATE_test_f1: 2.2(max:2.79)
********************************************************************************
********************************************************************************
Train 2 Epoch5, Evaluate for atepc_datasets/restaurant
APC_test_acc: 61.8(max: 61.95)  APC_test_f1: 26.58(max: 28.36)
ATE_test_f1: 0.17(max:2.79)
********************************************************************************
