log file: logs/240726-074341.log
--------------------------------------------------------------------------------
Config 1 (totally 1 configs)
No.1 training process of 5
>>> dataset: restaurant
>>> output_dir: output
>>> SRD: 5
>>> learning_rate: 3e-05
>>> use_unique_bert: True
>>> use_bert_spc: False
>>> local_context_focus: cdm
>>> num_train_epochs: 5.0
>>> train_batch_size: 16
>>> dropout: 0.0
>>> max_seq_length: 80
>>> eval_batch_size: 32
>>> eval_steps: 20
>>> gradient_accumulation_steps: 1
>>> config_path: experiments.json
>>> device: cpu
>>> seed: 1
>>> bert_model: bert-base-uncased
>>> data_dir: atepc_datasets/restaurant
***** Running training *****
  Num examples = 3308
  Batch size = 16
  Num steps = 1030
################################################################################
Train 1 Epoch1
################################################################################
################################################################################
Train 1 Epoch2
################################################################################
################################################################################
Train 1 Epoch3
################################################################################
################################################################################
Train 1 Epoch4
################################################################################
********************************************************************************
Train 1 Epoch4, Evaluate for atepc_datasets/restaurant
APC_test_acc: 69.13(max: 69.13)  APC_test_f1: 48.53(max: 48.53)
ATE_test_f1: 57.89(max:57.89)
********************************************************************************
********************************************************************************
Train 1 Epoch4, Evaluate for atepc_datasets/restaurant
APC_test_acc: 70.19(max: 70.19)  APC_test_f1: 48.73(max: 48.73)
ATE_test_f1: 58.2(max:58.2)
********************************************************************************
********************************************************************************
Train 1 Epoch4, Evaluate for atepc_datasets/restaurant
APC_test_acc: 71.39(max: 71.39)  APC_test_f1: 56.47(max: 56.47)
ATE_test_f1: 57.72(max:58.2)
********************************************************************************
********************************************************************************
Train 1 Epoch4, Evaluate for atepc_datasets/restaurant
APC_test_acc: 69.84(max: 71.39)  APC_test_f1: 57.83(max: 57.83)
ATE_test_f1: 58.89(max:58.89)
********************************************************************************
********************************************************************************
Train 1 Epoch4, Evaluate for atepc_datasets/restaurant
APC_test_acc: 68.99(max: 71.39)  APC_test_f1: 58.71(max: 58.71)
ATE_test_f1: 58.77(max:58.89)
********************************************************************************
********************************************************************************
Train 1 Epoch4, Evaluate for atepc_datasets/restaurant
APC_test_acc: 70.68(max: 71.39)  APC_test_f1: 62.06(max: 62.06)
ATE_test_f1: 59.17(max:59.17)
********************************************************************************
********************************************************************************
Train 1 Epoch4, Evaluate for atepc_datasets/restaurant
APC_test_acc: 69.7(max: 71.39)  APC_test_f1: 57.53(max: 62.06)
ATE_test_f1: 59.1(max:59.17)
********************************************************************************
********************************************************************************
Train 1 Epoch4, Evaluate for atepc_datasets/restaurant
APC_test_acc: 70.61(max: 71.39)  APC_test_f1: 59.79(max: 62.06)
ATE_test_f1: 56.67(max:59.17)
********************************************************************************
********************************************************************************
Train 1 Epoch4, Evaluate for atepc_datasets/restaurant
APC_test_acc: 72.8(max: 72.8)  APC_test_f1: 59.36(max: 62.06)
ATE_test_f1: 58.21(max:59.17)
********************************************************************************
********************************************************************************
Train 1 Epoch4, Evaluate for atepc_datasets/restaurant
APC_test_acc: 73.15(max: 73.15)  APC_test_f1: 58.93(max: 62.06)
ATE_test_f1: 57.04(max:59.17)
********************************************************************************
################################################################################
Train 1 Epoch5
################################################################################
********************************************************************************
Train 1 Epoch5, Evaluate for atepc_datasets/restaurant
APC_test_acc: 70.4(max: 73.15)  APC_test_f1: 57.7(max: 62.06)
ATE_test_f1: 37.19(max:59.17)
********************************************************************************
********************************************************************************
Train 1 Epoch5, Evaluate for atepc_datasets/restaurant
APC_test_acc: 73.5(max: 73.5)  APC_test_f1: 63.49(max: 63.49)
ATE_test_f1: 48.09(max:59.17)
********************************************************************************
********************************************************************************
Train 1 Epoch5, Evaluate for atepc_datasets/restaurant
APC_test_acc: 73.29(max: 73.5)  APC_test_f1: 59.71(max: 63.49)
ATE_test_f1: 56.17(max:59.17)
********************************************************************************
********************************************************************************
Train 1 Epoch5, Evaluate for atepc_datasets/restaurant
APC_test_acc: 72.16(max: 73.5)  APC_test_f1: 62.13(max: 63.49)
ATE_test_f1: 57.46(max:59.17)
********************************************************************************
********************************************************************************
Train 1 Epoch5, Evaluate for atepc_datasets/restaurant
APC_test_acc: 72.09(max: 73.5)  APC_test_f1: 62.31(max: 63.49)
ATE_test_f1: 57.35(max:59.17)
********************************************************************************
********************************************************************************
Train 1 Epoch5, Evaluate for atepc_datasets/restaurant
APC_test_acc: 70.68(max: 73.5)  APC_test_f1: 62.66(max: 63.49)
ATE_test_f1: 58.38(max:59.17)
********************************************************************************
********************************************************************************
Train 1 Epoch5, Evaluate for atepc_datasets/restaurant
APC_test_acc: 69.63(max: 73.5)  APC_test_f1: 56.74(max: 63.49)
ATE_test_f1: 57.7(max:59.17)
********************************************************************************
********************************************************************************
Train 1 Epoch5, Evaluate for atepc_datasets/restaurant
APC_test_acc: 73.01(max: 73.5)  APC_test_f1: 60.2(max: 63.49)
ATE_test_f1: 57.95(max:59.17)
********************************************************************************
********************************************************************************
Train 1 Epoch5, Evaluate for atepc_datasets/restaurant
APC_test_acc: 72.8(max: 73.5)  APC_test_f1: 58.26(max: 63.49)
ATE_test_f1: 58.1(max:59.17)
********************************************************************************
********************************************************************************
Train 1 Epoch5, Evaluate for atepc_datasets/restaurant
APC_test_acc: 72.66(max: 73.5)  APC_test_f1: 57.44(max: 63.49)
ATE_test_f1: 57.18(max:59.17)
********************************************************************************
max_ate_test_f1:59.17 max_apc_test_acc: 73.5	max_apc_test_f1: 63.49 	
No.2 training process of 5
>>> dataset: restaurant
>>> output_dir: output
>>> SRD: 5
>>> learning_rate: 3e-05
>>> use_unique_bert: True
>>> use_bert_spc: False
>>> local_context_focus: cdm
>>> num_train_epochs: 5.0
>>> train_batch_size: 16
>>> dropout: 0.0
>>> max_seq_length: 80
>>> eval_batch_size: 32
>>> eval_steps: 20
>>> gradient_accumulation_steps: 1
>>> config_path: experiments.json
>>> device: cpu
>>> seed: 2
>>> bert_model: bert-base-uncased
>>> data_dir: atepc_datasets/restaurant
***** Running training *****
  Num examples = 3308
  Batch size = 16
  Num steps = 1030
################################################################################
Train 2 Epoch1
################################################################################
################################################################################
Train 2 Epoch2
################################################################################
################################################################################
Train 2 Epoch3
################################################################################
################################################################################
Train 2 Epoch4
################################################################################
********************************************************************************
Train 2 Epoch4, Evaluate for atepc_datasets/restaurant
APC_test_acc: 61.52(max: 61.52)  APC_test_f1: 25.39(max: 25.39)
ATE_test_f1: 0.0(max:0)
********************************************************************************
********************************************************************************
Train 2 Epoch4, Evaluate for atepc_datasets/restaurant
APC_test_acc: 61.52(max: 61.52)  APC_test_f1: 25.39(max: 25.39)
ATE_test_f1: 0.0(max:0)
********************************************************************************
********************************************************************************
Train 2 Epoch4, Evaluate for atepc_datasets/restaurant
APC_test_acc: 61.52(max: 61.52)  APC_test_f1: 25.62(max: 25.62)
ATE_test_f1: 0.0(max:0)
********************************************************************************
********************************************************************************
Train 2 Epoch4, Evaluate for atepc_datasets/restaurant
APC_test_acc: 61.52(max: 61.52)  APC_test_f1: 25.39(max: 25.62)
ATE_test_f1: 0.0(max:0)
********************************************************************************
********************************************************************************
Train 2 Epoch4, Evaluate for atepc_datasets/restaurant
APC_test_acc: 61.59(max: 61.59)  APC_test_f1: 26.09(max: 26.09)
ATE_test_f1: 0.0(max:0)
********************************************************************************
********************************************************************************
Train 2 Epoch4, Evaluate for atepc_datasets/restaurant
APC_test_acc: 61.31(max: 61.59)  APC_test_f1: 26.02(max: 26.09)
ATE_test_f1: 0.0(max:0)
********************************************************************************
********************************************************************************
Train 2 Epoch4, Evaluate for atepc_datasets/restaurant
APC_test_acc: 61.52(max: 61.59)  APC_test_f1: 25.62(max: 26.09)
ATE_test_f1: 0.0(max:0)
********************************************************************************
********************************************************************************
Train 2 Epoch4, Evaluate for atepc_datasets/restaurant
APC_test_acc: 61.45(max: 61.59)  APC_test_f1: 25.61(max: 26.09)
ATE_test_f1: 0.0(max:0)
********************************************************************************
********************************************************************************
Train 2 Epoch4, Evaluate for atepc_datasets/restaurant
APC_test_acc: 61.52(max: 61.59)  APC_test_f1: 26.08(max: 26.09)
ATE_test_f1: 0.0(max:0)
********************************************************************************
********************************************************************************
Train 2 Epoch4, Evaluate for atepc_datasets/restaurant
APC_test_acc: 61.52(max: 61.59)  APC_test_f1: 26.07(max: 26.09)
ATE_test_f1: 0.0(max:0)
********************************************************************************
################################################################################
Train 2 Epoch5
################################################################################
********************************************************************************
Train 2 Epoch5, Evaluate for atepc_datasets/restaurant
APC_test_acc: 61.52(max: 61.59)  APC_test_f1: 25.62(max: 26.09)
ATE_test_f1: 0.0(max:0)
********************************************************************************
********************************************************************************
Train 2 Epoch5, Evaluate for atepc_datasets/restaurant
APC_test_acc: 61.52(max: 61.59)  APC_test_f1: 25.39(max: 26.09)
ATE_test_f1: 0.0(max:0)
********************************************************************************
********************************************************************************
Train 2 Epoch5, Evaluate for atepc_datasets/restaurant
APC_test_acc: 61.52(max: 61.59)  APC_test_f1: 26.07(max: 26.09)
ATE_test_f1: 0.0(max:0)
********************************************************************************
********************************************************************************
Train 2 Epoch5, Evaluate for atepc_datasets/restaurant
APC_test_acc: 61.52(max: 61.59)  APC_test_f1: 25.39(max: 26.09)
ATE_test_f1: 0.0(max:0)
********************************************************************************
********************************************************************************
Train 2 Epoch5, Evaluate for atepc_datasets/restaurant
APC_test_acc: 61.45(max: 61.59)  APC_test_f1: 25.6(max: 26.09)
ATE_test_f1: 0.0(max:0)
********************************************************************************
********************************************************************************
Train 2 Epoch5, Evaluate for atepc_datasets/restaurant
APC_test_acc: 61.52(max: 61.59)  APC_test_f1: 26.08(max: 26.09)
ATE_test_f1: 0.0(max:0)
********************************************************************************
********************************************************************************
Train 2 Epoch5, Evaluate for atepc_datasets/restaurant
APC_test_acc: 61.52(max: 61.59)  APC_test_f1: 26.08(max: 26.09)
ATE_test_f1: 0.0(max:0)
********************************************************************************
********************************************************************************
Train 2 Epoch5, Evaluate for atepc_datasets/restaurant
APC_test_acc: 61.45(max: 61.59)  APC_test_f1: 25.6(max: 26.09)
ATE_test_f1: 0.0(max:0)
********************************************************************************
********************************************************************************
Train 2 Epoch5, Evaluate for atepc_datasets/restaurant
APC_test_acc: 61.52(max: 61.59)  APC_test_f1: 26.08(max: 26.09)
ATE_test_f1: 0.0(max:0)
********************************************************************************
********************************************************************************
Train 2 Epoch5, Evaluate for atepc_datasets/restaurant
APC_test_acc: 61.52(max: 61.59)  APC_test_f1: 26.07(max: 26.09)
ATE_test_f1: 0.0(max:0)
********************************************************************************
max_ate_test_f1:59.17 max_apc_test_acc: 73.5	max_apc_test_f1: 63.49 	
No.3 training process of 5
>>> dataset: restaurant
>>> output_dir: output
>>> SRD: 5
>>> learning_rate: 3e-05
>>> use_unique_bert: True
>>> use_bert_spc: False
>>> local_context_focus: cdm
>>> num_train_epochs: 5.0
>>> train_batch_size: 16
>>> dropout: 0.0
>>> max_seq_length: 80
>>> eval_batch_size: 32
>>> eval_steps: 20
>>> gradient_accumulation_steps: 1
>>> config_path: experiments.json
>>> device: cpu
>>> seed: 3
>>> bert_model: bert-base-uncased
>>> data_dir: atepc_datasets/restaurant
***** Running training *****
  Num examples = 3308
  Batch size = 16
  Num steps = 1030
################################################################################
Train 3 Epoch1
################################################################################
################################################################################
Train 3 Epoch2
################################################################################
################################################################################
Train 3 Epoch3
################################################################################
################################################################################
Train 3 Epoch4
################################################################################
********************************************************************************
Train 3 Epoch4, Evaluate for atepc_datasets/restaurant
APC_test_acc: 79.21(max: 79.21)  APC_test_f1: 72.98(max: 72.98)
ATE_test_f1: 62.37(max:62.37)
********************************************************************************
********************************************************************************
Train 3 Epoch4, Evaluate for atepc_datasets/restaurant
APC_test_acc: 79.84(max: 79.84)  APC_test_f1: 72.09(max: 72.98)
ATE_test_f1: 58.84(max:62.37)
********************************************************************************
********************************************************************************
Train 3 Epoch4, Evaluate for atepc_datasets/restaurant
APC_test_acc: 79.42(max: 79.84)  APC_test_f1: 71.41(max: 72.98)
ATE_test_f1: 60.27(max:62.37)
********************************************************************************
********************************************************************************
Train 3 Epoch4, Evaluate for atepc_datasets/restaurant
APC_test_acc: 77.1(max: 79.84)  APC_test_f1: 72.37(max: 72.98)
ATE_test_f1: 61.06(max:62.37)
********************************************************************************
********************************************************************************
Train 3 Epoch4, Evaluate for atepc_datasets/restaurant
APC_test_acc: 74.84(max: 79.84)  APC_test_f1: 69.68(max: 72.98)
ATE_test_f1: 60.18(max:62.37)
********************************************************************************
********************************************************************************
Train 3 Epoch4, Evaluate for atepc_datasets/restaurant
APC_test_acc: 76.39(max: 79.84)  APC_test_f1: 67.96(max: 72.98)
ATE_test_f1: 61.76(max:62.37)
********************************************************************************
********************************************************************************
Train 3 Epoch4, Evaluate for atepc_datasets/restaurant
APC_test_acc: 78.93(max: 79.84)  APC_test_f1: 72.13(max: 72.98)
ATE_test_f1: 64.52(max:64.52)
********************************************************************************
********************************************************************************
Train 3 Epoch4, Evaluate for atepc_datasets/restaurant
APC_test_acc: 79.84(max: 79.84)  APC_test_f1: 72.46(max: 72.98)
ATE_test_f1: 60.63(max:64.52)
********************************************************************************
********************************************************************************
Train 3 Epoch4, Evaluate for atepc_datasets/restaurant
APC_test_acc: 80.41(max: 80.41)  APC_test_f1: 72.34(max: 72.98)
ATE_test_f1: 65.65(max:65.65)
********************************************************************************
********************************************************************************
Train 3 Epoch4, Evaluate for atepc_datasets/restaurant
APC_test_acc: 81.11(max: 81.11)  APC_test_f1: 74.06(max: 74.06)
ATE_test_f1: 63.85(max:65.65)
********************************************************************************
################################################################################
Train 3 Epoch5
################################################################################
********************************************************************************
Train 3 Epoch5, Evaluate for atepc_datasets/restaurant
APC_test_acc: 79.84(max: 81.11)  APC_test_f1: 71.47(max: 74.06)
ATE_test_f1: 64.57(max:65.65)
********************************************************************************
********************************************************************************
Train 3 Epoch5, Evaluate for atepc_datasets/restaurant
APC_test_acc: 79.84(max: 81.11)  APC_test_f1: 73.66(max: 74.06)
ATE_test_f1: 65.6(max:65.65)
********************************************************************************
********************************************************************************
Train 3 Epoch5, Evaluate for atepc_datasets/restaurant
APC_test_acc: 80.69(max: 81.11)  APC_test_f1: 73.96(max: 74.06)
ATE_test_f1: 66.19(max:66.19)
********************************************************************************
********************************************************************************
Train 3 Epoch5, Evaluate for atepc_datasets/restaurant
APC_test_acc: 80.62(max: 81.11)  APC_test_f1: 72.41(max: 74.06)
ATE_test_f1: 62.38(max:66.19)
********************************************************************************
********************************************************************************
Train 3 Epoch5, Evaluate for atepc_datasets/restaurant
APC_test_acc: 80.34(max: 81.11)  APC_test_f1: 71.8(max: 74.06)
ATE_test_f1: 61.23(max:66.19)
********************************************************************************
********************************************************************************
Train 3 Epoch5, Evaluate for atepc_datasets/restaurant
APC_test_acc: 79.84(max: 81.11)  APC_test_f1: 71.47(max: 74.06)
ATE_test_f1: 58.99(max:66.19)
********************************************************************************
********************************************************************************
Train 3 Epoch5, Evaluate for atepc_datasets/restaurant
APC_test_acc: 79.42(max: 81.11)  APC_test_f1: 73.23(max: 74.06)
ATE_test_f1: 59.22(max:66.19)
********************************************************************************
********************************************************************************
Train 3 Epoch5, Evaluate for atepc_datasets/restaurant
APC_test_acc: 79.77(max: 81.11)  APC_test_f1: 71.64(max: 74.06)
ATE_test_f1: 60.16(max:66.19)
********************************************************************************
********************************************************************************
Train 3 Epoch5, Evaluate for atepc_datasets/restaurant
APC_test_acc: 80.13(max: 81.11)  APC_test_f1: 73.07(max: 74.06)
ATE_test_f1: 60.67(max:66.19)
********************************************************************************
********************************************************************************
Train 3 Epoch5, Evaluate for atepc_datasets/restaurant
APC_test_acc: 79.63(max: 81.11)  APC_test_f1: 73.62(max: 74.06)
ATE_test_f1: 59.48(max:66.19)
********************************************************************************
max_ate_test_f1:66.19 max_apc_test_acc: 81.11	max_apc_test_f1: 74.06 	
No.4 training process of 5
>>> dataset: restaurant
>>> output_dir: output
>>> SRD: 5
>>> learning_rate: 3e-05
>>> use_unique_bert: True
>>> use_bert_spc: False
>>> local_context_focus: cdm
>>> num_train_epochs: 5.0
>>> train_batch_size: 16
>>> dropout: 0.0
>>> max_seq_length: 80
>>> eval_batch_size: 32
>>> eval_steps: 20
>>> gradient_accumulation_steps: 1
>>> config_path: experiments.json
>>> device: cpu
>>> seed: 4
>>> bert_model: bert-base-uncased
>>> data_dir: atepc_datasets/restaurant
***** Running training *****
  Num examples = 3308
  Batch size = 16
  Num steps = 1030
################################################################################
Train 4 Epoch1
################################################################################
################################################################################
Train 4 Epoch2
################################################################################
################################################################################
Train 4 Epoch3
################################################################################
################################################################################
Train 4 Epoch4
################################################################################
********************************************************************************
Train 4 Epoch4, Evaluate for atepc_datasets/restaurant
APC_test_acc: 79.14(max: 79.14)  APC_test_f1: 72.65(max: 72.65)
ATE_test_f1: 59.66(max:59.66)
********************************************************************************
********************************************************************************
Train 4 Epoch4, Evaluate for atepc_datasets/restaurant
APC_test_acc: 79.7(max: 79.7)  APC_test_f1: 71.62(max: 72.65)
ATE_test_f1: 58.98(max:59.66)
********************************************************************************
********************************************************************************
Train 4 Epoch4, Evaluate for atepc_datasets/restaurant
APC_test_acc: 79.77(max: 79.77)  APC_test_f1: 69.67(max: 72.65)
ATE_test_f1: 61.5(max:61.5)
********************************************************************************
********************************************************************************
Train 4 Epoch4, Evaluate for atepc_datasets/restaurant
APC_test_acc: 79.56(max: 79.77)  APC_test_f1: 73.14(max: 73.14)
ATE_test_f1: 61.63(max:61.63)
********************************************************************************
********************************************************************************
Train 4 Epoch4, Evaluate for atepc_datasets/restaurant
APC_test_acc: 74.77(max: 79.77)  APC_test_f1: 69.47(max: 73.14)
ATE_test_f1: 59.73(max:61.63)
********************************************************************************
********************************************************************************
Train 4 Epoch4, Evaluate for atepc_datasets/restaurant
APC_test_acc: 78.15(max: 79.77)  APC_test_f1: 72.21(max: 73.14)
ATE_test_f1: 57.26(max:61.63)
********************************************************************************
********************************************************************************
Train 4 Epoch4, Evaluate for atepc_datasets/restaurant
APC_test_acc: 80.41(max: 80.41)  APC_test_f1: 73.46(max: 73.46)
ATE_test_f1: 59.72(max:61.63)
********************************************************************************
********************************************************************************
Train 4 Epoch4, Evaluate for atepc_datasets/restaurant
APC_test_acc: 80.48(max: 80.48)  APC_test_f1: 73.66(max: 73.66)
ATE_test_f1: 62.77(max:62.77)
********************************************************************************
********************************************************************************
Train 4 Epoch4, Evaluate for atepc_datasets/restaurant
APC_test_acc: 80.48(max: 80.48)  APC_test_f1: 71.89(max: 73.66)
ATE_test_f1: 64.31(max:64.31)
********************************************************************************
********************************************************************************
Train 4 Epoch4, Evaluate for atepc_datasets/restaurant
APC_test_acc: 81.11(max: 81.11)  APC_test_f1: 73.23(max: 73.66)
ATE_test_f1: 60.33(max:64.31)
********************************************************************************
################################################################################
Train 4 Epoch5
################################################################################
********************************************************************************
Train 4 Epoch5, Evaluate for atepc_datasets/restaurant
APC_test_acc: 79.07(max: 81.11)  APC_test_f1: 73.33(max: 73.66)
ATE_test_f1: 61.05(max:64.31)
********************************************************************************
********************************************************************************
Train 4 Epoch5, Evaluate for atepc_datasets/restaurant
APC_test_acc: 81.61(max: 81.61)  APC_test_f1: 74.92(max: 74.92)
ATE_test_f1: 59.75(max:64.31)
********************************************************************************
********************************************************************************
Train 4 Epoch5, Evaluate for atepc_datasets/restaurant
APC_test_acc: 81.11(max: 81.61)  APC_test_f1: 74.8(max: 74.92)
ATE_test_f1: 60.12(max:64.31)
********************************************************************************
********************************************************************************
Train 4 Epoch5, Evaluate for atepc_datasets/restaurant
APC_test_acc: 82.24(max: 82.24)  APC_test_f1: 74.75(max: 74.92)
ATE_test_f1: 60.28(max:64.31)
********************************************************************************
********************************************************************************
Train 4 Epoch5, Evaluate for atepc_datasets/restaurant
APC_test_acc: 80.76(max: 82.24)  APC_test_f1: 72.6(max: 74.92)
ATE_test_f1: 60.97(max:64.31)
********************************************************************************
********************************************************************************
Train 4 Epoch5, Evaluate for atepc_datasets/restaurant
APC_test_acc: 80.62(max: 82.24)  APC_test_f1: 73.41(max: 74.92)
ATE_test_f1: 60.72(max:64.31)
********************************************************************************
********************************************************************************
Train 4 Epoch5, Evaluate for atepc_datasets/restaurant
APC_test_acc: 80.41(max: 82.24)  APC_test_f1: 73.69(max: 74.92)
ATE_test_f1: 60.34(max:64.31)
********************************************************************************
********************************************************************************
Train 4 Epoch5, Evaluate for atepc_datasets/restaurant
APC_test_acc: 80.06(max: 82.24)  APC_test_f1: 73.76(max: 74.92)
ATE_test_f1: 62.12(max:64.31)
********************************************************************************
********************************************************************************
Train 4 Epoch5, Evaluate for atepc_datasets/restaurant
APC_test_acc: 79.28(max: 82.24)  APC_test_f1: 73.26(max: 74.92)
ATE_test_f1: 58.46(max:64.31)
********************************************************************************
********************************************************************************
Train 4 Epoch5, Evaluate for atepc_datasets/restaurant
APC_test_acc: 79.77(max: 82.24)  APC_test_f1: 73.01(max: 74.92)
ATE_test_f1: 61.32(max:64.31)
********************************************************************************
max_ate_test_f1:66.19 max_apc_test_acc: 82.24	max_apc_test_f1: 74.92 	
No.5 training process of 5
>>> dataset: restaurant
>>> output_dir: output
>>> SRD: 5
>>> learning_rate: 3e-05
>>> use_unique_bert: True
>>> use_bert_spc: False
>>> local_context_focus: cdm
>>> num_train_epochs: 5.0
>>> train_batch_size: 16
>>> dropout: 0.0
>>> max_seq_length: 80
>>> eval_batch_size: 32
>>> eval_steps: 20
>>> gradient_accumulation_steps: 1
>>> config_path: experiments.json
>>> device: cpu
>>> seed: 5
>>> bert_model: bert-base-uncased
>>> data_dir: atepc_datasets/restaurant
***** Running training *****
  Num examples = 3308
  Batch size = 16
  Num steps = 1030
################################################################################
Train 5 Epoch1
################################################################################
################################################################################
Train 5 Epoch2
################################################################################
################################################################################
Train 5 Epoch3
################################################################################
################################################################################
Train 5 Epoch4
################################################################################
********************************************************************************
Train 5 Epoch4, Evaluate for atepc_datasets/restaurant
APC_test_acc: 77.73(max: 77.73)  APC_test_f1: 67.71(max: 67.71)
ATE_test_f1: 60.0(max:60.0)
********************************************************************************
********************************************************************************
Train 5 Epoch4, Evaluate for atepc_datasets/restaurant
APC_test_acc: 77.73(max: 77.73)  APC_test_f1: 64.29(max: 67.71)
ATE_test_f1: 59.84(max:60.0)
********************************************************************************
********************************************************************************
Train 5 Epoch4, Evaluate for atepc_datasets/restaurant
APC_test_acc: 77.94(max: 77.94)  APC_test_f1: 66.98(max: 67.71)
ATE_test_f1: 61.27(max:61.27)
********************************************************************************
********************************************************************************
Train 5 Epoch4, Evaluate for atepc_datasets/restaurant
APC_test_acc: 77.38(max: 77.94)  APC_test_f1: 69.15(max: 69.15)
ATE_test_f1: 60.08(max:61.27)
********************************************************************************
********************************************************************************
Train 5 Epoch4, Evaluate for atepc_datasets/restaurant
APC_test_acc: 74.07(max: 77.94)  APC_test_f1: 66.59(max: 69.15)
ATE_test_f1: 60.26(max:61.27)
********************************************************************************
********************************************************************************
Train 5 Epoch4, Evaluate for atepc_datasets/restaurant
APC_test_acc: 73.5(max: 77.94)  APC_test_f1: 66.8(max: 69.15)
ATE_test_f1: 59.0(max:61.27)
********************************************************************************
********************************************************************************
Train 5 Epoch4, Evaluate for atepc_datasets/restaurant
APC_test_acc: 78.01(max: 78.01)  APC_test_f1: 71.3(max: 71.3)
ATE_test_f1: 60.38(max:61.27)
********************************************************************************
********************************************************************************
Train 5 Epoch4, Evaluate for atepc_datasets/restaurant
APC_test_acc: 76.89(max: 78.01)  APC_test_f1: 70.64(max: 71.3)
ATE_test_f1: 58.53(max:61.27)
********************************************************************************
********************************************************************************
Train 5 Epoch4, Evaluate for atepc_datasets/restaurant
APC_test_acc: 79.35(max: 79.35)  APC_test_f1: 71.2(max: 71.3)
ATE_test_f1: 60.3(max:61.27)
********************************************************************************
********************************************************************************
Train 5 Epoch4, Evaluate for atepc_datasets/restaurant
APC_test_acc: 79.56(max: 79.56)  APC_test_f1: 70.65(max: 71.3)
ATE_test_f1: 60.77(max:61.27)
********************************************************************************
################################################################################
Train 5 Epoch5
################################################################################
********************************************************************************
Train 5 Epoch5, Evaluate for atepc_datasets/restaurant
APC_test_acc: 79.49(max: 79.56)  APC_test_f1: 72.17(max: 72.17)
ATE_test_f1: 62.91(max:62.91)
********************************************************************************
********************************************************************************
Train 5 Epoch5, Evaluate for atepc_datasets/restaurant
APC_test_acc: 79.42(max: 79.56)  APC_test_f1: 72.48(max: 72.48)
ATE_test_f1: 61.81(max:62.91)
********************************************************************************
********************************************************************************
Train 5 Epoch5, Evaluate for atepc_datasets/restaurant
APC_test_acc: 78.79(max: 79.56)  APC_test_f1: 72.34(max: 72.48)
ATE_test_f1: 61.73(max:62.91)
********************************************************************************
********************************************************************************
Train 5 Epoch5, Evaluate for atepc_datasets/restaurant
APC_test_acc: 80.62(max: 80.62)  APC_test_f1: 73.52(max: 73.52)
ATE_test_f1: 62.67(max:62.91)
********************************************************************************
********************************************************************************
Train 5 Epoch5, Evaluate for atepc_datasets/restaurant
APC_test_acc: 80.62(max: 80.62)  APC_test_f1: 73.72(max: 73.72)
ATE_test_f1: 65.32(max:65.32)
********************************************************************************
********************************************************************************
Train 5 Epoch5, Evaluate for atepc_datasets/restaurant
APC_test_acc: 80.41(max: 80.62)  APC_test_f1: 72.74(max: 73.72)
ATE_test_f1: 62.41(max:65.32)
********************************************************************************
********************************************************************************
Train 5 Epoch5, Evaluate for atepc_datasets/restaurant
APC_test_acc: 79.07(max: 80.62)  APC_test_f1: 70.39(max: 73.72)
ATE_test_f1: 61.06(max:65.32)
********************************************************************************
********************************************************************************
Train 5 Epoch5, Evaluate for atepc_datasets/restaurant
APC_test_acc: 79.28(max: 80.62)  APC_test_f1: 71.45(max: 73.72)
ATE_test_f1: 60.61(max:65.32)
********************************************************************************
********************************************************************************
Train 5 Epoch5, Evaluate for atepc_datasets/restaurant
APC_test_acc: 80.69(max: 80.69)  APC_test_f1: 72.45(max: 73.72)
ATE_test_f1: 59.0(max:65.32)
********************************************************************************
********************************************************************************
Train 5 Epoch5, Evaluate for atepc_datasets/restaurant
APC_test_acc: 80.2(max: 80.69)  APC_test_f1: 72.83(max: 73.72)
ATE_test_f1: 60.32(max:65.32)
********************************************************************************
max_ate_test_f1:66.19 max_apc_test_acc: 82.24	max_apc_test_f1: 74.92 	
