log file: logs/240704-061205.log
--------------------------------------------------------------------------------
Config 1 (totally 1 configs)
No.1 training process of 5
>>> dataset: restaurant
>>> output_dir: output
>>> SRD: 5
>>> learning_rate: 3e-05
>>> use_unique_bert: True
>>> use_bert_spc: False
>>> local_context_focus: fusion
>>> num_train_epochs: 5.0
>>> train_batch_size: 16
>>> dropout: 0.0
>>> max_seq_length: 80
>>> eval_batch_size: 32
>>> eval_steps: 20
>>> gradient_accumulation_steps: 1
>>> config_path: experiments.json
>>> device: cpu
>>> seed: 1
>>> bert_model: bert-base-uncased
>>> data_dir: atepc_datasets/restaurant
***** Running training *****
  Num examples = 3308
  Batch size = 16
  Num steps = 1030
################################################################################
Train 1 Epoch1
################################################################################
################################################################################
Train 1 Epoch2
################################################################################
################################################################################
Train 1 Epoch3
################################################################################
################################################################################
Train 1 Epoch4
################################################################################
********************************************************************************
Train 1 Epoch4, Evaluate for atepc_datasets/restaurant
APC_test_acc: 79.07(max: 79.07)  APC_test_f1: 71.68(max: 71.68)
ATE_test_f1: 56.1(max:56.1)
********************************************************************************
********************************************************************************
Train 1 Epoch4, Evaluate for atepc_datasets/restaurant
APC_test_acc: 79.7(max: 79.7)  APC_test_f1: 70.55(max: 71.68)
ATE_test_f1: 55.29(max:56.1)
********************************************************************************
********************************************************************************
Train 1 Epoch4, Evaluate for atepc_datasets/restaurant
APC_test_acc: 79.84(max: 79.84)  APC_test_f1: 70.91(max: 71.68)
ATE_test_f1: 55.59(max:56.1)
********************************************************************************
********************************************************************************
Train 1 Epoch4, Evaluate for atepc_datasets/restaurant
APC_test_acc: 76.46(max: 79.84)  APC_test_f1: 71.13(max: 71.68)
ATE_test_f1: 53.96(max:56.1)
********************************************************************************
********************************************************************************
Train 1 Epoch4, Evaluate for atepc_datasets/restaurant
APC_test_acc: 74.56(max: 79.84)  APC_test_f1: 68.25(max: 71.68)
ATE_test_f1: 56.08(max:56.1)
********************************************************************************
********************************************************************************
Train 1 Epoch4, Evaluate for atepc_datasets/restaurant
APC_test_acc: 78.29(max: 79.84)  APC_test_f1: 72.29(max: 72.29)
ATE_test_f1: 56.65(max:56.65)
********************************************************************************
********************************************************************************
Train 1 Epoch4, Evaluate for atepc_datasets/restaurant
APC_test_acc: 78.22(max: 79.84)  APC_test_f1: 71.56(max: 72.29)
ATE_test_f1: 57.48(max:57.48)
********************************************************************************
********************************************************************************
Train 1 Epoch4, Evaluate for atepc_datasets/restaurant
APC_test_acc: 80.48(max: 80.48)  APC_test_f1: 72.78(max: 72.78)
ATE_test_f1: 57.37(max:57.48)
********************************************************************************
********************************************************************************
Train 1 Epoch4, Evaluate for atepc_datasets/restaurant
APC_test_acc: 79.49(max: 80.48)  APC_test_f1: 70.52(max: 72.78)
ATE_test_f1: 56.29(max:57.48)
********************************************************************************
********************************************************************************
Train 1 Epoch4, Evaluate for atepc_datasets/restaurant
APC_test_acc: 79.21(max: 80.48)  APC_test_f1: 69.42(max: 72.78)
ATE_test_f1: 57.79(max:57.79)
********************************************************************************
################################################################################
Train 1 Epoch5
################################################################################
********************************************************************************
Train 1 Epoch5, Evaluate for atepc_datasets/restaurant
APC_test_acc: 80.55(max: 80.55)  APC_test_f1: 73.16(max: 73.16)
ATE_test_f1: 59.02(max:59.02)
********************************************************************************
********************************************************************************
Train 1 Epoch5, Evaluate for atepc_datasets/restaurant
APC_test_acc: 80.62(max: 80.62)  APC_test_f1: 72.78(max: 73.16)
ATE_test_f1: 59.26(max:59.26)
********************************************************************************
********************************************************************************
Train 1 Epoch5, Evaluate for atepc_datasets/restaurant
APC_test_acc: 79.14(max: 80.62)  APC_test_f1: 72.84(max: 73.16)
ATE_test_f1: 57.16(max:59.26)
********************************************************************************
********************************************************************************
Train 1 Epoch5, Evaluate for atepc_datasets/restaurant
APC_test_acc: 79.21(max: 80.62)  APC_test_f1: 73.1(max: 73.16)
ATE_test_f1: 57.78(max:59.26)
********************************************************************************
********************************************************************************
Train 1 Epoch5, Evaluate for atepc_datasets/restaurant
APC_test_acc: 78.86(max: 80.62)  APC_test_f1: 71.99(max: 73.16)
ATE_test_f1: 58.73(max:59.26)
********************************************************************************
********************************************************************************
Train 1 Epoch5, Evaluate for atepc_datasets/restaurant
APC_test_acc: 79.28(max: 80.62)  APC_test_f1: 71.49(max: 73.16)
ATE_test_f1: 58.52(max:59.26)
********************************************************************************
********************************************************************************
Train 1 Epoch5, Evaluate for atepc_datasets/restaurant
APC_test_acc: 79.35(max: 80.62)  APC_test_f1: 72.03(max: 73.16)
ATE_test_f1: 56.71(max:59.26)
********************************************************************************
********************************************************************************
Train 1 Epoch5, Evaluate for atepc_datasets/restaurant
APC_test_acc: 79.21(max: 80.62)  APC_test_f1: 71.8(max: 73.16)
ATE_test_f1: 57.76(max:59.26)
********************************************************************************
********************************************************************************
Train 1 Epoch5, Evaluate for atepc_datasets/restaurant
APC_test_acc: 79.7(max: 80.62)  APC_test_f1: 72.51(max: 73.16)
ATE_test_f1: 56.48(max:59.26)
********************************************************************************
********************************************************************************
Train 1 Epoch5, Evaluate for atepc_datasets/restaurant
APC_test_acc: 77.45(max: 80.62)  APC_test_f1: 71.76(max: 73.16)
ATE_test_f1: 59.56(max:59.56)
********************************************************************************
max_ate_test_f1:59.56 max_apc_test_acc: 80.62	max_apc_test_f1: 73.16 	
No.2 training process of 5
>>> dataset: restaurant
>>> output_dir: output
>>> SRD: 5
>>> learning_rate: 3e-05
>>> use_unique_bert: True
>>> use_bert_spc: False
>>> local_context_focus: fusion
>>> num_train_epochs: 5.0
>>> train_batch_size: 16
>>> dropout: 0.0
>>> max_seq_length: 80
>>> eval_batch_size: 32
>>> eval_steps: 20
>>> gradient_accumulation_steps: 1
>>> config_path: experiments.json
>>> device: cpu
>>> seed: 2
>>> bert_model: bert-base-uncased
>>> data_dir: atepc_datasets/restaurant
***** Running training *****
  Num examples = 3308
  Batch size = 16
  Num steps = 1030
################################################################################
Train 2 Epoch1
################################################################################
################################################################################
Train 2 Epoch2
################################################################################
################################################################################
Train 2 Epoch3
################################################################################
################################################################################
Train 2 Epoch4
################################################################################
********************************************************************************
Train 2 Epoch4, Evaluate for atepc_datasets/restaurant
APC_test_acc: 61.59(max: 61.59)  APC_test_f1: 26.08(max: 26.08)
ATE_test_f1: 0.0(max:0)
********************************************************************************
********************************************************************************
Train 2 Epoch4, Evaluate for atepc_datasets/restaurant
APC_test_acc: 61.59(max: 61.59)  APC_test_f1: 26.08(max: 26.08)
ATE_test_f1: 0.0(max:0)
********************************************************************************
********************************************************************************
Train 2 Epoch4, Evaluate for atepc_datasets/restaurant
APC_test_acc: 61.59(max: 61.59)  APC_test_f1: 26.08(max: 26.08)
ATE_test_f1: 1.71(max:1.71)
********************************************************************************
********************************************************************************
Train 2 Epoch4, Evaluate for atepc_datasets/restaurant
APC_test_acc: 61.66(max: 61.66)  APC_test_f1: 26.33(max: 26.33)
ATE_test_f1: 0.0(max:1.71)
********************************************************************************
********************************************************************************
Train 2 Epoch4, Evaluate for atepc_datasets/restaurant
APC_test_acc: 61.59(max: 61.66)  APC_test_f1: 28.14(max: 28.14)
ATE_test_f1: 0.0(max:1.71)
********************************************************************************
********************************************************************************
Train 2 Epoch4, Evaluate for atepc_datasets/restaurant
APC_test_acc: 61.52(max: 61.66)  APC_test_f1: 28.13(max: 28.14)
ATE_test_f1: 0.0(max:1.71)
********************************************************************************
********************************************************************************
Train 2 Epoch4, Evaluate for atepc_datasets/restaurant
APC_test_acc: 61.66(max: 61.66)  APC_test_f1: 26.33(max: 28.14)
ATE_test_f1: 1.91(max:1.91)
********************************************************************************
********************************************************************************
Train 2 Epoch4, Evaluate for atepc_datasets/restaurant
APC_test_acc: 61.59(max: 61.66)  APC_test_f1: 26.09(max: 28.14)
ATE_test_f1: 0.0(max:1.91)
********************************************************************************
********************************************************************************
Train 2 Epoch4, Evaluate for atepc_datasets/restaurant
APC_test_acc: 61.59(max: 61.66)  APC_test_f1: 26.09(max: 28.14)
ATE_test_f1: 2.3(max:2.3)
********************************************************************************
********************************************************************************
Train 2 Epoch4, Evaluate for atepc_datasets/restaurant
APC_test_acc: 61.95(max: 61.95)  APC_test_f1: 27.48(max: 28.14)
ATE_test_f1: 1.6(max:2.3)
********************************************************************************
################################################################################
Train 2 Epoch5
################################################################################
********************************************************************************
Train 2 Epoch5, Evaluate for atepc_datasets/restaurant
APC_test_acc: 61.73(max: 61.95)  APC_test_f1: 26.78(max: 28.14)
ATE_test_f1: 2.79(max:2.79)
********************************************************************************
********************************************************************************
Train 2 Epoch5, Evaluate for atepc_datasets/restaurant
APC_test_acc: 61.66(max: 61.95)  APC_test_f1: 26.1(max: 28.14)
ATE_test_f1: 0.0(max:2.79)
********************************************************************************
********************************************************************************
Train 2 Epoch5, Evaluate for atepc_datasets/restaurant
APC_test_acc: 61.87(max: 61.95)  APC_test_f1: 27.03(max: 28.14)
ATE_test_f1: 2.0(max:2.79)
********************************************************************************
********************************************************************************
Train 2 Epoch5, Evaluate for atepc_datasets/restaurant
APC_test_acc: 61.66(max: 61.95)  APC_test_f1: 26.1(max: 28.14)
ATE_test_f1: 0.0(max:2.79)
********************************************************************************
********************************************************************************
Train 2 Epoch5, Evaluate for atepc_datasets/restaurant
APC_test_acc: 61.87(max: 61.95)  APC_test_f1: 28.25(max: 28.25)
ATE_test_f1: 0.22(max:2.79)
********************************************************************************
********************************************************************************
Train 2 Epoch5, Evaluate for atepc_datasets/restaurant
APC_test_acc: 61.66(max: 61.95)  APC_test_f1: 28.36(max: 28.36)
ATE_test_f1: 1.78(max:2.79)
********************************************************************************
********************************************************************************
Train 2 Epoch5, Evaluate for atepc_datasets/restaurant
APC_test_acc: 61.87(max: 61.95)  APC_test_f1: 28.25(max: 28.36)
ATE_test_f1: 2.2(max:2.79)
********************************************************************************
********************************************************************************
Train 2 Epoch5, Evaluate for atepc_datasets/restaurant
APC_test_acc: 61.8(max: 61.95)  APC_test_f1: 26.58(max: 28.36)
ATE_test_f1: 0.17(max:2.79)
********************************************************************************
********************************************************************************
Train 2 Epoch5, Evaluate for atepc_datasets/restaurant
APC_test_acc: 61.8(max: 61.95)  APC_test_f1: 27.01(max: 28.36)
ATE_test_f1: 2.1(max:2.79)
********************************************************************************
********************************************************************************
Train 2 Epoch5, Evaluate for atepc_datasets/restaurant
APC_test_acc: 61.8(max: 61.95)  APC_test_f1: 27.83(max: 28.36)
ATE_test_f1: 0.45(max:2.79)
********************************************************************************
max_ate_test_f1:59.56 max_apc_test_acc: 80.62	max_apc_test_f1: 73.16 	
No.3 training process of 5
>>> dataset: restaurant
>>> output_dir: output
>>> SRD: 5
>>> learning_rate: 3e-05
>>> use_unique_bert: True
>>> use_bert_spc: False
>>> local_context_focus: fusion
>>> num_train_epochs: 5.0
>>> train_batch_size: 16
>>> dropout: 0.0
>>> max_seq_length: 80
>>> eval_batch_size: 32
>>> eval_steps: 20
>>> gradient_accumulation_steps: 1
>>> config_path: experiments.json
>>> device: cpu
>>> seed: 3
>>> bert_model: bert-base-uncased
>>> data_dir: atepc_datasets/restaurant
***** Running training *****
  Num examples = 3308
  Batch size = 16
  Num steps = 1030
################################################################################
Train 3 Epoch1
################################################################################
################################################################################
Train 3 Epoch2
################################################################################
################################################################################
Train 3 Epoch3
################################################################################
################################################################################
Train 3 Epoch4
################################################################################
********************************************************************************
Train 3 Epoch4, Evaluate for atepc_datasets/restaurant
APC_test_acc: 78.93(max: 78.93)  APC_test_f1: 72.73(max: 72.73)
ATE_test_f1: 60.98(max:60.98)
********************************************************************************
********************************************************************************
Train 3 Epoch4, Evaluate for atepc_datasets/restaurant
APC_test_acc: 81.96(max: 81.96)  APC_test_f1: 74.94(max: 74.94)
ATE_test_f1: 60.56(max:60.98)
********************************************************************************
********************************************************************************
Train 3 Epoch4, Evaluate for atepc_datasets/restaurant
APC_test_acc: 80.83(max: 81.96)  APC_test_f1: 72.81(max: 74.94)
ATE_test_f1: 61.66(max:61.66)
********************************************************************************
********************************************************************************
Train 3 Epoch4, Evaluate for atepc_datasets/restaurant
APC_test_acc: 79.63(max: 81.96)  APC_test_f1: 73.74(max: 74.94)
ATE_test_f1: 59.91(max:61.66)
********************************************************************************
********************************************************************************
Train 3 Epoch4, Evaluate for atepc_datasets/restaurant
APC_test_acc: 78.08(max: 81.96)  APC_test_f1: 72.8(max: 74.94)
ATE_test_f1: 60.41(max:61.66)
********************************************************************************
********************************************************************************
Train 3 Epoch4, Evaluate for atepc_datasets/restaurant
APC_test_acc: 79.07(max: 81.96)  APC_test_f1: 72.13(max: 74.94)
ATE_test_f1: 61.11(max:61.66)
********************************************************************************
********************************************************************************
Train 3 Epoch4, Evaluate for atepc_datasets/restaurant
APC_test_acc: 80.13(max: 81.96)  APC_test_f1: 72.75(max: 74.94)
ATE_test_f1: 63.13(max:63.13)
********************************************************************************
********************************************************************************
Train 3 Epoch4, Evaluate for atepc_datasets/restaurant
APC_test_acc: 79.07(max: 81.96)  APC_test_f1: 72.41(max: 74.94)
ATE_test_f1: 60.98(max:63.13)
********************************************************************************
********************************************************************************
Train 3 Epoch4, Evaluate for atepc_datasets/restaurant
APC_test_acc: 79.99(max: 81.96)  APC_test_f1: 72.44(max: 74.94)
ATE_test_f1: 61.95(max:63.13)
********************************************************************************
********************************************************************************
Train 3 Epoch4, Evaluate for atepc_datasets/restaurant
APC_test_acc: 79.63(max: 81.96)  APC_test_f1: 72.17(max: 74.94)
ATE_test_f1: 60.96(max:63.13)
********************************************************************************
################################################################################
Train 3 Epoch5
################################################################################
********************************************************************************
Train 3 Epoch5, Evaluate for atepc_datasets/restaurant
APC_test_acc: 78.29(max: 81.96)  APC_test_f1: 71.13(max: 74.94)
ATE_test_f1: 63.54(max:63.54)
********************************************************************************
********************************************************************************
Train 3 Epoch5, Evaluate for atepc_datasets/restaurant
APC_test_acc: 78.93(max: 81.96)  APC_test_f1: 72.26(max: 74.94)
ATE_test_f1: 62.99(max:63.54)
********************************************************************************
********************************************************************************
Train 3 Epoch5, Evaluate for atepc_datasets/restaurant
APC_test_acc: 79.92(max: 81.96)  APC_test_f1: 72.81(max: 74.94)
ATE_test_f1: 61.59(max:63.54)
********************************************************************************
********************************************************************************
Train 3 Epoch5, Evaluate for atepc_datasets/restaurant
APC_test_acc: 80.27(max: 81.96)  APC_test_f1: 73.07(max: 74.94)
ATE_test_f1: 61.18(max:63.54)
********************************************************************************
********************************************************************************
Train 3 Epoch5, Evaluate for atepc_datasets/restaurant
APC_test_acc: 80.97(max: 81.96)  APC_test_f1: 73.85(max: 74.94)
ATE_test_f1: 66.6(max:66.6)
********************************************************************************
********************************************************************************
Train 3 Epoch5, Evaluate for atepc_datasets/restaurant
APC_test_acc: 80.41(max: 81.96)  APC_test_f1: 73.34(max: 74.94)
ATE_test_f1: 62.15(max:66.6)
********************************************************************************
********************************************************************************
Train 3 Epoch5, Evaluate for atepc_datasets/restaurant
APC_test_acc: 78.79(max: 81.96)  APC_test_f1: 72.03(max: 74.94)
ATE_test_f1: 61.52(max:66.6)
********************************************************************************
********************************************************************************
Train 3 Epoch5, Evaluate for atepc_datasets/restaurant
APC_test_acc: 80.48(max: 81.96)  APC_test_f1: 73.51(max: 74.94)
ATE_test_f1: 64.09(max:66.6)
********************************************************************************
********************************************************************************
Train 3 Epoch5, Evaluate for atepc_datasets/restaurant
APC_test_acc: 78.93(max: 81.96)  APC_test_f1: 71.78(max: 74.94)
ATE_test_f1: 60.35(max:66.6)
********************************************************************************
********************************************************************************
Train 3 Epoch5, Evaluate for atepc_datasets/restaurant
APC_test_acc: 79.77(max: 81.96)  APC_test_f1: 73.03(max: 74.94)
ATE_test_f1: 66.63(max:66.63)
********************************************************************************
max_ate_test_f1:66.63 max_apc_test_acc: 81.96	max_apc_test_f1: 74.94 	
No.4 training process of 5
>>> dataset: restaurant
>>> output_dir: output
>>> SRD: 5
>>> learning_rate: 3e-05
>>> use_unique_bert: True
>>> use_bert_spc: False
>>> local_context_focus: fusion
>>> num_train_epochs: 5.0
>>> train_batch_size: 16
>>> dropout: 0.0
>>> max_seq_length: 80
>>> eval_batch_size: 32
>>> eval_steps: 20
>>> gradient_accumulation_steps: 1
>>> config_path: experiments.json
>>> device: cpu
>>> seed: 4
>>> bert_model: bert-base-uncased
>>> data_dir: atepc_datasets/restaurant
***** Running training *****
  Num examples = 3308
  Batch size = 16
  Num steps = 1030
################################################################################
Train 4 Epoch1
################################################################################
################################################################################
Train 4 Epoch2
################################################################################
################################################################################
Train 4 Epoch3
################################################################################
################################################################################
Train 4 Epoch4
################################################################################
********************************************************************************
Train 4 Epoch4, Evaluate for atepc_datasets/restaurant
APC_test_acc: 79.35(max: 79.35)  APC_test_f1: 72.06(max: 72.06)
ATE_test_f1: 62.21(max:62.21)
********************************************************************************
********************************************************************************
Train 4 Epoch4, Evaluate for atepc_datasets/restaurant
APC_test_acc: 79.07(max: 79.35)  APC_test_f1: 69.31(max: 72.06)
ATE_test_f1: 60.1(max:62.21)
********************************************************************************
********************************************************************************
Train 4 Epoch4, Evaluate for atepc_datasets/restaurant
APC_test_acc: 80.27(max: 80.27)  APC_test_f1: 72.26(max: 72.26)
ATE_test_f1: 46.91(max:62.21)
********************************************************************************
********************************************************************************
Train 4 Epoch4, Evaluate for atepc_datasets/restaurant
APC_test_acc: 78.72(max: 80.27)  APC_test_f1: 72.5(max: 72.5)
ATE_test_f1: 55.64(max:62.21)
********************************************************************************
********************************************************************************
Train 4 Epoch4, Evaluate for atepc_datasets/restaurant
APC_test_acc: 76.18(max: 80.27)  APC_test_f1: 70.56(max: 72.5)
ATE_test_f1: 57.04(max:62.21)
********************************************************************************
********************************************************************************
Train 4 Epoch4, Evaluate for atepc_datasets/restaurant
APC_test_acc: 75.62(max: 80.27)  APC_test_f1: 69.53(max: 72.5)
ATE_test_f1: 58.72(max:62.21)
********************************************************************************
********************************************************************************
Train 4 Epoch4, Evaluate for atepc_datasets/restaurant
APC_test_acc: 79.07(max: 80.27)  APC_test_f1: 71.62(max: 72.5)
ATE_test_f1: 61.91(max:62.21)
********************************************************************************
********************************************************************************
Train 4 Epoch4, Evaluate for atepc_datasets/restaurant
APC_test_acc: 79.56(max: 80.27)  APC_test_f1: 71.38(max: 72.5)
ATE_test_f1: 60.35(max:62.21)
********************************************************************************
********************************************************************************
Train 4 Epoch4, Evaluate for atepc_datasets/restaurant
APC_test_acc: 79.7(max: 80.27)  APC_test_f1: 70.62(max: 72.5)
ATE_test_f1: 59.74(max:62.21)
********************************************************************************
********************************************************************************
Train 4 Epoch4, Evaluate for atepc_datasets/restaurant
APC_test_acc: 79.35(max: 80.27)  APC_test_f1: 68.74(max: 72.5)
ATE_test_f1: 62.1(max:62.21)
********************************************************************************
################################################################################
Train 4 Epoch5
################################################################################
********************************************************************************
Train 4 Epoch5, Evaluate for atepc_datasets/restaurant
APC_test_acc: 78.22(max: 80.27)  APC_test_f1: 71.63(max: 72.5)
ATE_test_f1: 59.6(max:62.21)
********************************************************************************
********************************************************************************
Train 4 Epoch5, Evaluate for atepc_datasets/restaurant
APC_test_acc: 78.72(max: 80.27)  APC_test_f1: 72.35(max: 72.5)
ATE_test_f1: 60.5(max:62.21)
********************************************************************************
********************************************************************************
Train 4 Epoch5, Evaluate for atepc_datasets/restaurant
APC_test_acc: 79.42(max: 80.27)  APC_test_f1: 72.35(max: 72.5)
ATE_test_f1: 58.36(max:62.21)
********************************************************************************
********************************************************************************
Train 4 Epoch5, Evaluate for atepc_datasets/restaurant
APC_test_acc: 79.77(max: 80.27)  APC_test_f1: 72.53(max: 72.53)
ATE_test_f1: 60.14(max:62.21)
********************************************************************************
********************************************************************************
Train 4 Epoch5, Evaluate for atepc_datasets/restaurant
APC_test_acc: 80.2(max: 80.27)  APC_test_f1: 72.76(max: 72.76)
ATE_test_f1: 62.42(max:62.42)
********************************************************************************
********************************************************************************
Train 4 Epoch5, Evaluate for atepc_datasets/restaurant
APC_test_acc: 80.55(max: 80.55)  APC_test_f1: 72.47(max: 72.76)
ATE_test_f1: 60.0(max:62.42)
********************************************************************************
********************************************************************************
Train 4 Epoch5, Evaluate for atepc_datasets/restaurant
APC_test_acc: 79.84(max: 80.55)  APC_test_f1: 72.18(max: 72.76)
ATE_test_f1: 60.0(max:62.42)
********************************************************************************
********************************************************************************
Train 4 Epoch5, Evaluate for atepc_datasets/restaurant
APC_test_acc: 79.49(max: 80.55)  APC_test_f1: 72.96(max: 72.96)
ATE_test_f1: 59.83(max:62.42)
********************************************************************************
********************************************************************************
Train 4 Epoch5, Evaluate for atepc_datasets/restaurant
APC_test_acc: 78.72(max: 80.55)  APC_test_f1: 72.2(max: 72.96)
ATE_test_f1: 60.79(max:62.42)
********************************************************************************
********************************************************************************
Train 4 Epoch5, Evaluate for atepc_datasets/restaurant
APC_test_acc: 75.62(max: 80.55)  APC_test_f1: 70.78(max: 72.96)
ATE_test_f1: 62.33(max:62.42)
********************************************************************************
max_ate_test_f1:66.63 max_apc_test_acc: 81.96	max_apc_test_f1: 74.94 	
No.5 training process of 5
>>> dataset: restaurant
>>> output_dir: output
>>> SRD: 5
>>> learning_rate: 3e-05
>>> use_unique_bert: True
>>> use_bert_spc: False
>>> local_context_focus: fusion
>>> num_train_epochs: 5.0
>>> train_batch_size: 16
>>> dropout: 0.0
>>> max_seq_length: 80
>>> eval_batch_size: 32
>>> eval_steps: 20
>>> gradient_accumulation_steps: 1
>>> config_path: experiments.json
>>> device: cpu
>>> seed: 5
>>> bert_model: bert-base-uncased
>>> data_dir: atepc_datasets/restaurant
***** Running training *****
  Num examples = 3308
  Batch size = 16
  Num steps = 1030
################################################################################
Train 5 Epoch1
################################################################################
################################################################################
Train 5 Epoch2
################################################################################
################################################################################
Train 5 Epoch3
################################################################################
################################################################################
Train 5 Epoch4
################################################################################
********************************************************************************
Train 5 Epoch4, Evaluate for atepc_datasets/restaurant
APC_test_acc: 78.72(max: 78.72)  APC_test_f1: 70.46(max: 70.46)
ATE_test_f1: 51.99(max:51.99)
********************************************************************************
********************************************************************************
Train 5 Epoch4, Evaluate for atepc_datasets/restaurant
APC_test_acc: 79.21(max: 79.21)  APC_test_f1: 69.94(max: 70.46)
ATE_test_f1: 51.71(max:51.99)
********************************************************************************
********************************************************************************
Train 5 Epoch4, Evaluate for atepc_datasets/restaurant
APC_test_acc: 79.49(max: 79.49)  APC_test_f1: 68.66(max: 70.46)
ATE_test_f1: 49.13(max:51.99)
********************************************************************************
********************************************************************************
Train 5 Epoch4, Evaluate for atepc_datasets/restaurant
APC_test_acc: 78.15(max: 79.49)  APC_test_f1: 70.99(max: 70.99)
ATE_test_f1: 46.28(max:51.99)
********************************************************************************
********************************************************************************
Train 5 Epoch4, Evaluate for atepc_datasets/restaurant
APC_test_acc: 75.97(max: 79.49)  APC_test_f1: 69.76(max: 70.99)
ATE_test_f1: 51.12(max:51.99)
********************************************************************************
********************************************************************************
Train 5 Epoch4, Evaluate for atepc_datasets/restaurant
APC_test_acc: 78.01(max: 79.49)  APC_test_f1: 71.75(max: 71.75)
ATE_test_f1: 53.78(max:53.78)
********************************************************************************
********************************************************************************
Train 5 Epoch4, Evaluate for atepc_datasets/restaurant
APC_test_acc: 79.0(max: 79.49)  APC_test_f1: 71.71(max: 71.75)
ATE_test_f1: 50.22(max:53.78)
********************************************************************************
********************************************************************************
Train 5 Epoch4, Evaluate for atepc_datasets/restaurant
APC_test_acc: 78.72(max: 79.49)  APC_test_f1: 72.18(max: 72.18)
ATE_test_f1: 52.52(max:53.78)
********************************************************************************
********************************************************************************
Train 5 Epoch4, Evaluate for atepc_datasets/restaurant
APC_test_acc: 79.14(max: 79.49)  APC_test_f1: 72.05(max: 72.18)
ATE_test_f1: 48.05(max:53.78)
********************************************************************************
********************************************************************************
Train 5 Epoch4, Evaluate for atepc_datasets/restaurant
APC_test_acc: 78.44(max: 79.49)  APC_test_f1: 67.09(max: 72.18)
ATE_test_f1: 55.52(max:55.52)
********************************************************************************
################################################################################
Train 5 Epoch5
################################################################################
********************************************************************************
Train 5 Epoch5, Evaluate for atepc_datasets/restaurant
APC_test_acc: 77.52(max: 79.49)  APC_test_f1: 69.68(max: 72.18)
ATE_test_f1: 55.33(max:55.52)
********************************************************************************
********************************************************************************
Train 5 Epoch5, Evaluate for atepc_datasets/restaurant
APC_test_acc: 79.21(max: 79.49)  APC_test_f1: 72.66(max: 72.66)
ATE_test_f1: 55.69(max:55.69)
********************************************************************************
********************************************************************************
Train 5 Epoch5, Evaluate for atepc_datasets/restaurant
APC_test_acc: 79.56(max: 79.56)  APC_test_f1: 73.29(max: 73.29)
ATE_test_f1: 53.46(max:55.69)
********************************************************************************
********************************************************************************
Train 5 Epoch5, Evaluate for atepc_datasets/restaurant
APC_test_acc: 79.77(max: 79.77)  APC_test_f1: 72.42(max: 73.29)
ATE_test_f1: 54.48(max:55.69)
********************************************************************************
********************************************************************************
Train 5 Epoch5, Evaluate for atepc_datasets/restaurant
APC_test_acc: 79.84(max: 79.84)  APC_test_f1: 73.19(max: 73.29)
ATE_test_f1: 56.71(max:56.71)
********************************************************************************
********************************************************************************
Train 5 Epoch5, Evaluate for atepc_datasets/restaurant
APC_test_acc: 79.42(max: 79.84)  APC_test_f1: 70.57(max: 73.29)
ATE_test_f1: 55.79(max:56.71)
********************************************************************************
********************************************************************************
Train 5 Epoch5, Evaluate for atepc_datasets/restaurant
APC_test_acc: 79.77(max: 79.84)  APC_test_f1: 70.82(max: 73.29)
ATE_test_f1: 56.67(max:56.71)
********************************************************************************
********************************************************************************
Train 5 Epoch5, Evaluate for atepc_datasets/restaurant
APC_test_acc: 79.77(max: 79.84)  APC_test_f1: 72.28(max: 73.29)
ATE_test_f1: 56.25(max:56.71)
********************************************************************************
********************************************************************************
Train 5 Epoch5, Evaluate for atepc_datasets/restaurant
APC_test_acc: 80.13(max: 80.13)  APC_test_f1: 71.97(max: 73.29)
ATE_test_f1: 56.02(max:56.71)
********************************************************************************
********************************************************************************
Train 5 Epoch5, Evaluate for atepc_datasets/restaurant
APC_test_acc: 78.72(max: 80.13)  APC_test_f1: 70.97(max: 73.29)
ATE_test_f1: 56.7(max:56.71)
********************************************************************************
max_ate_test_f1:66.63 max_apc_test_acc: 81.96	max_apc_test_f1: 74.94 	
