log file: logs/241203-013553.log
--------------------------------------------------------------------------------
Config 1 (totally 1 configs)
No.1 training process of 5
>>> dataset: restaurant
>>> output_dir: output
>>> SRD: 5
>>> learning_rate: 3e-05
>>> use_unique_bert: True
>>> use_bert_spc: False
>>> local_context_focus: fusion
>>> num_train_epochs: 5.0
>>> train_batch_size: 16
>>> dropout: 0.0
>>> max_seq_length: 80
>>> eval_batch_size: 32
>>> eval_steps: 20
>>> gradient_accumulation_steps: 1
>>> config_path: experiments.json
>>> device: cpu
>>> seed: 1
>>> bert_model: bert-base-uncased
>>> data_dir: atepc_datasets/restaurant
***** Running training *****
  Num examples = 3308
  Batch size = 16
  Num steps = 1030
################################################################################
Train 1 Epoch1
################################################################################
################################################################################
Train 1 Epoch2
################################################################################
################################################################################
Train 1 Epoch3
################################################################################
################################################################################
Train 1 Epoch4
################################################################################
********************************************************************************
Train 1 Epoch4, Evaluate for atepc_datasets/restaurant
APC_test_acc: 79.21(max: 79.21)  APC_test_f1: 72.0(max: 72.0)
ATE_test_f1: 92.97(max:92.97)
********************************************************************************
********************************************************************************
Train 1 Epoch4, Evaluate for atepc_datasets/restaurant
APC_test_acc: 80.13(max: 80.13)  APC_test_f1: 72.5(max: 72.5)
ATE_test_f1: 93.58(max:93.58)
********************************************************************************
********************************************************************************
Train 1 Epoch4, Evaluate for atepc_datasets/restaurant
APC_test_acc: 80.9(max: 80.9)  APC_test_f1: 73.55(max: 73.55)
ATE_test_f1: 93.55(max:93.58)
********************************************************************************
********************************************************************************
Train 1 Epoch4, Evaluate for atepc_datasets/restaurant
APC_test_acc: 76.74(max: 80.9)  APC_test_f1: 71.53(max: 73.55)
ATE_test_f1: 93.79(max:93.79)
********************************************************************************
********************************************************************************
Train 1 Epoch4, Evaluate for atepc_datasets/restaurant
APC_test_acc: 74.7(max: 80.9)  APC_test_f1: 69.46(max: 73.55)
ATE_test_f1: 93.4(max:93.79)
********************************************************************************
********************************************************************************
Train 1 Epoch4, Evaluate for atepc_datasets/restaurant
APC_test_acc: 80.55(max: 80.9)  APC_test_f1: 71.84(max: 73.55)
ATE_test_f1: 94.06(max:94.06)
********************************************************************************
********************************************************************************
Train 1 Epoch4, Evaluate for atepc_datasets/restaurant
APC_test_acc: 79.56(max: 80.9)  APC_test_f1: 72.45(max: 73.55)
ATE_test_f1: 94.16(max:94.16)
********************************************************************************
********************************************************************************
Train 1 Epoch4, Evaluate for atepc_datasets/restaurant
APC_test_acc: 78.37(max: 80.9)  APC_test_f1: 71.23(max: 73.55)
ATE_test_f1: 94.09(max:94.16)
********************************************************************************
********************************************************************************
Train 1 Epoch4, Evaluate for atepc_datasets/restaurant
APC_test_acc: 79.99(max: 80.9)  APC_test_f1: 70.92(max: 73.55)
ATE_test_f1: 93.95(max:94.16)
********************************************************************************
********************************************************************************
Train 1 Epoch4, Evaluate for atepc_datasets/restaurant
APC_test_acc: 78.58(max: 80.9)  APC_test_f1: 70.0(max: 73.55)
ATE_test_f1: 94.37(max:94.37)
********************************************************************************
################################################################################
Train 1 Epoch5
################################################################################
********************************************************************************
Train 1 Epoch5, Evaluate for atepc_datasets/restaurant
APC_test_acc: 79.77(max: 80.9)  APC_test_f1: 72.35(max: 73.55)
ATE_test_f1: 93.93(max:94.37)
********************************************************************************
********************************************************************************
Train 1 Epoch5, Evaluate for atepc_datasets/restaurant
APC_test_acc: 81.04(max: 81.04)  APC_test_f1: 73.58(max: 73.58)
ATE_test_f1: 94.81(max:94.81)
********************************************************************************
********************************************************************************
Train 1 Epoch5, Evaluate for atepc_datasets/restaurant
APC_test_acc: 77.1(max: 81.04)  APC_test_f1: 71.35(max: 73.58)
ATE_test_f1: 94.87(max:94.87)
********************************************************************************
********************************************************************************
Train 1 Epoch5, Evaluate for atepc_datasets/restaurant
APC_test_acc: 80.9(max: 81.04)  APC_test_f1: 72.31(max: 73.58)
ATE_test_f1: 94.82(max:94.87)
********************************************************************************
********************************************************************************
Train 1 Epoch5, Evaluate for atepc_datasets/restaurant
APC_test_acc: 80.9(max: 81.04)  APC_test_f1: 73.82(max: 73.82)
ATE_test_f1: 94.95(max:94.95)
********************************************************************************
********************************************************************************
Train 1 Epoch5, Evaluate for atepc_datasets/restaurant
APC_test_acc: 79.49(max: 81.04)  APC_test_f1: 71.79(max: 73.82)
ATE_test_f1: 94.62(max:94.95)
********************************************************************************
********************************************************************************
Train 1 Epoch5, Evaluate for atepc_datasets/restaurant
APC_test_acc: 79.14(max: 81.04)  APC_test_f1: 72.0(max: 73.82)
ATE_test_f1: 95.02(max:95.02)
********************************************************************************
********************************************************************************
Train 1 Epoch5, Evaluate for atepc_datasets/restaurant
APC_test_acc: 79.77(max: 81.04)  APC_test_f1: 71.91(max: 73.82)
ATE_test_f1: 94.92(max:95.02)
********************************************************************************
********************************************************************************
Train 1 Epoch5, Evaluate for atepc_datasets/restaurant
APC_test_acc: 78.86(max: 81.04)  APC_test_f1: 71.16(max: 73.82)
ATE_test_f1: 95.09(max:95.09)
********************************************************************************
********************************************************************************
Train 1 Epoch5, Evaluate for atepc_datasets/restaurant
APC_test_acc: 78.51(max: 81.04)  APC_test_f1: 70.65(max: 73.82)
ATE_test_f1: 94.57(max:95.09)
********************************************************************************
max_ate_test_f1:95.09 max_apc_test_acc: 81.04	max_apc_test_f1: 73.82 	
No.2 training process of 5
>>> dataset: restaurant
>>> output_dir: output
>>> SRD: 5
>>> learning_rate: 3e-05
>>> use_unique_bert: True
>>> use_bert_spc: False
>>> local_context_focus: fusion
>>> num_train_epochs: 5.0
>>> train_batch_size: 16
>>> dropout: 0.0
>>> max_seq_length: 80
>>> eval_batch_size: 32
>>> eval_steps: 20
>>> gradient_accumulation_steps: 1
>>> config_path: experiments.json
>>> device: cpu
>>> seed: 2
>>> bert_model: bert-base-uncased
>>> data_dir: atepc_datasets/restaurant
***** Running training *****
  Num examples = 3308
  Batch size = 16
  Num steps = 1030
################################################################################
Train 2 Epoch1
################################################################################
################################################################################
Train 2 Epoch2
################################################################################
################################################################################
Train 2 Epoch3
################################################################################
################################################################################
Train 2 Epoch4
################################################################################
********************************************************************************
Train 2 Epoch4, Evaluate for atepc_datasets/restaurant
APC_test_acc: 79.42(max: 79.42)  APC_test_f1: 72.74(max: 72.74)
ATE_test_f1: 94.14(max:94.14)
********************************************************************************
********************************************************************************
Train 2 Epoch4, Evaluate for atepc_datasets/restaurant
APC_test_acc: 79.99(max: 79.99)  APC_test_f1: 71.58(max: 72.74)
ATE_test_f1: 94.35(max:94.35)
********************************************************************************
********************************************************************************
Train 2 Epoch4, Evaluate for atepc_datasets/restaurant
APC_test_acc: 80.34(max: 80.34)  APC_test_f1: 73.55(max: 73.55)
ATE_test_f1: 93.79(max:94.35)
********************************************************************************
********************************************************************************
Train 2 Epoch4, Evaluate for atepc_datasets/restaurant
APC_test_acc: 76.11(max: 80.34)  APC_test_f1: 71.15(max: 73.55)
ATE_test_f1: 94.3(max:94.35)
********************************************************************************
********************************************************************************
Train 2 Epoch4, Evaluate for atepc_datasets/restaurant
APC_test_acc: 77.31(max: 80.34)  APC_test_f1: 71.47(max: 73.55)
ATE_test_f1: 94.25(max:94.35)
********************************************************************************
********************************************************************************
Train 2 Epoch4, Evaluate for atepc_datasets/restaurant
APC_test_acc: 80.97(max: 80.97)  APC_test_f1: 73.46(max: 73.55)
ATE_test_f1: 94.53(max:94.53)
********************************************************************************
********************************************************************************
Train 2 Epoch4, Evaluate for atepc_datasets/restaurant
APC_test_acc: 79.7(max: 80.97)  APC_test_f1: 72.36(max: 73.55)
ATE_test_f1: 94.29(max:94.53)
********************************************************************************
********************************************************************************
Train 2 Epoch4, Evaluate for atepc_datasets/restaurant
APC_test_acc: 77.52(max: 80.97)  APC_test_f1: 70.84(max: 73.55)
ATE_test_f1: 93.93(max:94.53)
********************************************************************************
********************************************************************************
Train 2 Epoch4, Evaluate for atepc_datasets/restaurant
APC_test_acc: 81.18(max: 81.18)  APC_test_f1: 72.8(max: 73.55)
ATE_test_f1: 94.61(max:94.61)
********************************************************************************
********************************************************************************
Train 2 Epoch4, Evaluate for atepc_datasets/restaurant
APC_test_acc: 79.63(max: 81.18)  APC_test_f1: 71.19(max: 73.55)
ATE_test_f1: 94.76(max:94.76)
********************************************************************************
################################################################################
Train 2 Epoch5
################################################################################
********************************************************************************
Train 2 Epoch5, Evaluate for atepc_datasets/restaurant
APC_test_acc: 79.84(max: 81.18)  APC_test_f1: 73.46(max: 73.55)
ATE_test_f1: 95.0(max:95.0)
********************************************************************************
********************************************************************************
Train 2 Epoch5, Evaluate for atepc_datasets/restaurant
APC_test_acc: 79.21(max: 81.18)  APC_test_f1: 72.81(max: 73.55)
ATE_test_f1: 94.19(max:95.0)
********************************************************************************
********************************************************************************
Train 2 Epoch5, Evaluate for atepc_datasets/restaurant
APC_test_acc: 80.48(max: 81.18)  APC_test_f1: 73.65(max: 73.65)
ATE_test_f1: 94.66(max:95.0)
********************************************************************************
********************************************************************************
Train 2 Epoch5, Evaluate for atepc_datasets/restaurant
APC_test_acc: 80.62(max: 81.18)  APC_test_f1: 72.1(max: 73.65)
ATE_test_f1: 95.06(max:95.06)
********************************************************************************
********************************************************************************
Train 2 Epoch5, Evaluate for atepc_datasets/restaurant
APC_test_acc: 80.13(max: 81.18)  APC_test_f1: 72.19(max: 73.65)
ATE_test_f1: 94.95(max:95.06)
********************************************************************************
********************************************************************************
Train 2 Epoch5, Evaluate for atepc_datasets/restaurant
APC_test_acc: 79.7(max: 81.18)  APC_test_f1: 72.77(max: 73.65)
ATE_test_f1: 95.02(max:95.06)
********************************************************************************
********************************************************************************
Train 2 Epoch5, Evaluate for atepc_datasets/restaurant
APC_test_acc: 79.14(max: 81.18)  APC_test_f1: 72.32(max: 73.65)
ATE_test_f1: 95.3(max:95.3)
********************************************************************************
********************************************************************************
Train 2 Epoch5, Evaluate for atepc_datasets/restaurant
APC_test_acc: 79.56(max: 81.18)  APC_test_f1: 71.93(max: 73.65)
ATE_test_f1: 95.33(max:95.33)
********************************************************************************
********************************************************************************
Train 2 Epoch5, Evaluate for atepc_datasets/restaurant
APC_test_acc: 79.35(max: 81.18)  APC_test_f1: 72.38(max: 73.65)
ATE_test_f1: 95.15(max:95.33)
********************************************************************************
********************************************************************************
Train 2 Epoch5, Evaluate for atepc_datasets/restaurant
APC_test_acc: 79.0(max: 81.18)  APC_test_f1: 72.06(max: 73.65)
ATE_test_f1: 94.99(max:95.33)
********************************************************************************
max_ate_test_f1:95.33 max_apc_test_acc: 81.18	max_apc_test_f1: 73.82 	
No.3 training process of 5
>>> dataset: restaurant
>>> output_dir: output
>>> SRD: 5
>>> learning_rate: 3e-05
>>> use_unique_bert: True
>>> use_bert_spc: False
>>> local_context_focus: fusion
>>> num_train_epochs: 5.0
>>> train_batch_size: 16
>>> dropout: 0.0
>>> max_seq_length: 80
>>> eval_batch_size: 32
>>> eval_steps: 20
>>> gradient_accumulation_steps: 1
>>> config_path: experiments.json
>>> device: cpu
>>> seed: 3
>>> bert_model: bert-base-uncased
>>> data_dir: atepc_datasets/restaurant
***** Running training *****
  Num examples = 3308
  Batch size = 16
  Num steps = 1030
################################################################################
Train 3 Epoch1
################################################################################
################################################################################
Train 3 Epoch2
################################################################################
################################################################################
Train 3 Epoch3
################################################################################
################################################################################
Train 3 Epoch4
################################################################################
********************************************************************************
Train 3 Epoch4, Evaluate for atepc_datasets/restaurant
APC_test_acc: 78.93(max: 78.93)  APC_test_f1: 71.9(max: 71.9)
ATE_test_f1: 93.94(max:93.94)
********************************************************************************
********************************************************************************
Train 3 Epoch4, Evaluate for atepc_datasets/restaurant
APC_test_acc: 79.84(max: 79.84)  APC_test_f1: 72.39(max: 72.39)
ATE_test_f1: 93.92(max:93.94)
********************************************************************************
********************************************************************************
Train 3 Epoch4, Evaluate for atepc_datasets/restaurant
APC_test_acc: 80.83(max: 80.83)  APC_test_f1: 72.93(max: 72.93)
ATE_test_f1: 94.15(max:94.15)
********************************************************************************
********************************************************************************
Train 3 Epoch4, Evaluate for atepc_datasets/restaurant
APC_test_acc: 77.66(max: 80.83)  APC_test_f1: 72.23(max: 72.93)
ATE_test_f1: 93.83(max:94.15)
********************************************************************************
********************************************************************************
Train 3 Epoch4, Evaluate for atepc_datasets/restaurant
APC_test_acc: 76.96(max: 80.83)  APC_test_f1: 71.15(max: 72.93)
ATE_test_f1: 93.83(max:94.15)
********************************************************************************
********************************************************************************
Train 3 Epoch4, Evaluate for atepc_datasets/restaurant
APC_test_acc: 79.99(max: 80.83)  APC_test_f1: 70.53(max: 72.93)
ATE_test_f1: 94.46(max:94.46)
********************************************************************************
********************************************************************************
Train 3 Epoch4, Evaluate for atepc_datasets/restaurant
APC_test_acc: 79.56(max: 80.83)  APC_test_f1: 72.83(max: 72.93)
ATE_test_f1: 94.18(max:94.46)
********************************************************************************
********************************************************************************
Train 3 Epoch4, Evaluate for atepc_datasets/restaurant
APC_test_acc: 79.35(max: 80.83)  APC_test_f1: 70.97(max: 72.93)
ATE_test_f1: 94.26(max:94.46)
********************************************************************************
********************************************************************************
Train 3 Epoch4, Evaluate for atepc_datasets/restaurant
APC_test_acc: 79.0(max: 80.83)  APC_test_f1: 70.43(max: 72.93)
ATE_test_f1: 94.8(max:94.8)
********************************************************************************
********************************************************************************
Train 3 Epoch4, Evaluate for atepc_datasets/restaurant
APC_test_acc: 78.65(max: 80.83)  APC_test_f1: 71.77(max: 72.93)
ATE_test_f1: 94.79(max:94.8)
********************************************************************************
################################################################################
Train 3 Epoch5
################################################################################
********************************************************************************
Train 3 Epoch5, Evaluate for atepc_datasets/restaurant
APC_test_acc: 79.77(max: 80.83)  APC_test_f1: 72.52(max: 72.93)
ATE_test_f1: 94.62(max:94.8)
********************************************************************************
********************************************************************************
Train 3 Epoch5, Evaluate for atepc_datasets/restaurant
APC_test_acc: 80.06(max: 80.83)  APC_test_f1: 73.0(max: 73.0)
ATE_test_f1: 94.51(max:94.8)
********************************************************************************
********************************************************************************
Train 3 Epoch5, Evaluate for atepc_datasets/restaurant
APC_test_acc: 80.13(max: 80.83)  APC_test_f1: 73.17(max: 73.17)
ATE_test_f1: 94.5(max:94.8)
********************************************************************************
********************************************************************************
Train 3 Epoch5, Evaluate for atepc_datasets/restaurant
APC_test_acc: 80.2(max: 80.83)  APC_test_f1: 72.13(max: 73.17)
ATE_test_f1: 94.77(max:94.8)
********************************************************************************
********************************************************************************
Train 3 Epoch5, Evaluate for atepc_datasets/restaurant
APC_test_acc: 80.48(max: 80.83)  APC_test_f1: 72.74(max: 73.17)
ATE_test_f1: 93.53(max:94.8)
********************************************************************************
********************************************************************************
Train 3 Epoch5, Evaluate for atepc_datasets/restaurant
APC_test_acc: 79.92(max: 80.83)  APC_test_f1: 73.14(max: 73.17)
ATE_test_f1: 94.34(max:94.8)
********************************************************************************
********************************************************************************
Train 3 Epoch5, Evaluate for atepc_datasets/restaurant
APC_test_acc: 79.42(max: 80.83)  APC_test_f1: 73.12(max: 73.17)
ATE_test_f1: 94.71(max:94.8)
********************************************************************************
********************************************************************************
Train 3 Epoch5, Evaluate for atepc_datasets/restaurant
APC_test_acc: 79.14(max: 80.83)  APC_test_f1: 71.18(max: 73.17)
ATE_test_f1: 95.0(max:95.0)
********************************************************************************
********************************************************************************
Train 3 Epoch5, Evaluate for atepc_datasets/restaurant
APC_test_acc: 78.58(max: 80.83)  APC_test_f1: 71.72(max: 73.17)
ATE_test_f1: 94.98(max:95.0)
********************************************************************************
********************************************************************************
Train 3 Epoch5, Evaluate for atepc_datasets/restaurant
APC_test_acc: 77.24(max: 80.83)  APC_test_f1: 70.73(max: 73.17)
ATE_test_f1: 94.74(max:95.0)
********************************************************************************
max_ate_test_f1:95.33 max_apc_test_acc: 81.18	max_apc_test_f1: 73.82 	
No.4 training process of 5
>>> dataset: restaurant
>>> output_dir: output
>>> SRD: 5
>>> learning_rate: 3e-05
>>> use_unique_bert: True
>>> use_bert_spc: False
>>> local_context_focus: fusion
>>> num_train_epochs: 5.0
>>> train_batch_size: 16
>>> dropout: 0.0
>>> max_seq_length: 80
>>> eval_batch_size: 32
>>> eval_steps: 20
>>> gradient_accumulation_steps: 1
>>> config_path: experiments.json
>>> device: cpu
>>> seed: 4
>>> bert_model: bert-base-uncased
>>> data_dir: atepc_datasets/restaurant
***** Running training *****
  Num examples = 3308
  Batch size = 16
  Num steps = 1030
################################################################################
Train 4 Epoch1
################################################################################
################################################################################
Train 4 Epoch2
################################################################################
################################################################################
Train 4 Epoch3
################################################################################
################################################################################
Train 4 Epoch4
################################################################################
********************************************************************************
Train 4 Epoch4, Evaluate for atepc_datasets/restaurant
APC_test_acc: 78.08(max: 78.08)  APC_test_f1: 71.05(max: 71.05)
ATE_test_f1: 94.03(max:94.03)
********************************************************************************
********************************************************************************
Train 4 Epoch4, Evaluate for atepc_datasets/restaurant
APC_test_acc: 80.34(max: 80.34)  APC_test_f1: 72.62(max: 72.62)
ATE_test_f1: 93.96(max:94.03)
********************************************************************************
********************************************************************************
Train 4 Epoch4, Evaluate for atepc_datasets/restaurant
APC_test_acc: 80.76(max: 80.76)  APC_test_f1: 73.58(max: 73.58)
ATE_test_f1: 93.78(max:94.03)
********************************************************************************
********************************************************************************
Train 4 Epoch4, Evaluate for atepc_datasets/restaurant
APC_test_acc: 79.56(max: 80.76)  APC_test_f1: 73.24(max: 73.58)
ATE_test_f1: 94.36(max:94.36)
********************************************************************************
********************************************************************************
Train 4 Epoch4, Evaluate for atepc_datasets/restaurant
APC_test_acc: 75.97(max: 80.76)  APC_test_f1: 70.38(max: 73.58)
ATE_test_f1: 94.05(max:94.36)
********************************************************************************
********************************************************************************
Train 4 Epoch4, Evaluate for atepc_datasets/restaurant
APC_test_acc: 77.87(max: 80.76)  APC_test_f1: 71.63(max: 73.58)
ATE_test_f1: 93.39(max:94.36)
********************************************************************************
********************************************************************************
Train 4 Epoch4, Evaluate for atepc_datasets/restaurant
APC_test_acc: 78.65(max: 80.76)  APC_test_f1: 69.58(max: 73.58)
ATE_test_f1: 94.16(max:94.36)
********************************************************************************
********************************************************************************
Train 4 Epoch4, Evaluate for atepc_datasets/restaurant
APC_test_acc: 78.93(max: 80.76)  APC_test_f1: 71.02(max: 73.58)
ATE_test_f1: 94.41(max:94.41)
********************************************************************************
********************************************************************************
Train 4 Epoch4, Evaluate for atepc_datasets/restaurant
APC_test_acc: 79.77(max: 80.76)  APC_test_f1: 70.43(max: 73.58)
ATE_test_f1: 93.82(max:94.41)
********************************************************************************
********************************************************************************
Train 4 Epoch4, Evaluate for atepc_datasets/restaurant
APC_test_acc: 80.2(max: 80.76)  APC_test_f1: 72.41(max: 73.58)
ATE_test_f1: 94.44(max:94.44)
********************************************************************************
################################################################################
Train 4 Epoch5
################################################################################
********************************************************************************
Train 4 Epoch5, Evaluate for atepc_datasets/restaurant
APC_test_acc: 79.49(max: 80.76)  APC_test_f1: 72.26(max: 73.58)
ATE_test_f1: 94.61(max:94.61)
********************************************************************************
********************************************************************************
Train 4 Epoch5, Evaluate for atepc_datasets/restaurant
APC_test_acc: 78.93(max: 80.76)  APC_test_f1: 71.79(max: 73.58)
ATE_test_f1: 94.13(max:94.61)
********************************************************************************
********************************************************************************
Train 4 Epoch5, Evaluate for atepc_datasets/restaurant
APC_test_acc: 78.79(max: 80.76)  APC_test_f1: 72.01(max: 73.58)
ATE_test_f1: 94.74(max:94.74)
********************************************************************************
********************************************************************************
Train 4 Epoch5, Evaluate for atepc_datasets/restaurant
APC_test_acc: 80.13(max: 80.76)  APC_test_f1: 72.99(max: 73.58)
ATE_test_f1: 94.74(max:94.74)
********************************************************************************
********************************************************************************
Train 4 Epoch5, Evaluate for atepc_datasets/restaurant
APC_test_acc: 79.99(max: 80.76)  APC_test_f1: 72.33(max: 73.58)
ATE_test_f1: 94.57(max:94.74)
********************************************************************************
********************************************************************************
Train 4 Epoch5, Evaluate for atepc_datasets/restaurant
APC_test_acc: 80.69(max: 80.76)  APC_test_f1: 73.14(max: 73.58)
ATE_test_f1: 94.69(max:94.74)
********************************************************************************
********************************************************************************
Train 4 Epoch5, Evaluate for atepc_datasets/restaurant
APC_test_acc: 80.2(max: 80.76)  APC_test_f1: 73.03(max: 73.58)
ATE_test_f1: 94.55(max:94.74)
********************************************************************************
********************************************************************************
Train 4 Epoch5, Evaluate for atepc_datasets/restaurant
APC_test_acc: 79.84(max: 80.76)  APC_test_f1: 72.64(max: 73.58)
ATE_test_f1: 94.68(max:94.74)
********************************************************************************
********************************************************************************
Train 4 Epoch5, Evaluate for atepc_datasets/restaurant
APC_test_acc: 79.84(max: 80.76)  APC_test_f1: 72.64(max: 73.58)
ATE_test_f1: 94.41(max:94.74)
********************************************************************************
********************************************************************************
Train 4 Epoch5, Evaluate for atepc_datasets/restaurant
APC_test_acc: 77.52(max: 80.76)  APC_test_f1: 71.63(max: 73.58)
ATE_test_f1: 94.9(max:94.9)
********************************************************************************
max_ate_test_f1:95.33 max_apc_test_acc: 81.18	max_apc_test_f1: 73.82 	
No.5 training process of 5
>>> dataset: restaurant
>>> output_dir: output
>>> SRD: 5
>>> learning_rate: 3e-05
>>> use_unique_bert: True
>>> use_bert_spc: False
>>> local_context_focus: fusion
>>> num_train_epochs: 5.0
>>> train_batch_size: 16
>>> dropout: 0.0
>>> max_seq_length: 80
>>> eval_batch_size: 32
>>> eval_steps: 20
>>> gradient_accumulation_steps: 1
>>> config_path: experiments.json
>>> device: cpu
>>> seed: 5
>>> bert_model: bert-base-uncased
>>> data_dir: atepc_datasets/restaurant
***** Running training *****
  Num examples = 3308
  Batch size = 16
  Num steps = 1030
################################################################################
Train 5 Epoch1
################################################################################
################################################################################
Train 5 Epoch2
################################################################################
################################################################################
Train 5 Epoch3
################################################################################
################################################################################
Train 5 Epoch4
################################################################################
********************************************************************************
Train 5 Epoch4, Evaluate for atepc_datasets/restaurant
APC_test_acc: 79.56(max: 79.56)  APC_test_f1: 71.72(max: 71.72)
ATE_test_f1: 94.4(max:94.4)
********************************************************************************
********************************************************************************
Train 5 Epoch4, Evaluate for atepc_datasets/restaurant
APC_test_acc: 80.83(max: 80.83)  APC_test_f1: 72.92(max: 72.92)
ATE_test_f1: 94.44(max:94.44)
********************************************************************************
********************************************************************************
Train 5 Epoch4, Evaluate for atepc_datasets/restaurant
APC_test_acc: 79.99(max: 80.83)  APC_test_f1: 73.1(max: 73.1)
ATE_test_f1: 94.51(max:94.51)
********************************************************************************
********************************************************************************
Train 5 Epoch4, Evaluate for atepc_datasets/restaurant
APC_test_acc: 79.0(max: 80.83)  APC_test_f1: 72.14(max: 73.1)
ATE_test_f1: 94.68(max:94.68)
********************************************************************************
********************************************************************************
Train 5 Epoch4, Evaluate for atepc_datasets/restaurant
APC_test_acc: 79.7(max: 80.83)  APC_test_f1: 73.92(max: 73.92)
ATE_test_f1: 94.45(max:94.68)
********************************************************************************
********************************************************************************
Train 5 Epoch4, Evaluate for atepc_datasets/restaurant
APC_test_acc: 81.18(max: 81.18)  APC_test_f1: 73.35(max: 73.92)
ATE_test_f1: 94.48(max:94.68)
********************************************************************************
********************************************************************************
Train 5 Epoch4, Evaluate for atepc_datasets/restaurant
APC_test_acc: 81.18(max: 81.18)  APC_test_f1: 74.16(max: 74.16)
ATE_test_f1: 94.69(max:94.69)
********************************************************************************
********************************************************************************
Train 5 Epoch4, Evaluate for atepc_datasets/restaurant
APC_test_acc: 79.21(max: 81.18)  APC_test_f1: 72.82(max: 74.16)
ATE_test_f1: 94.67(max:94.69)
********************************************************************************
********************************************************************************
Train 5 Epoch4, Evaluate for atepc_datasets/restaurant
APC_test_acc: 80.55(max: 81.18)  APC_test_f1: 72.33(max: 74.16)
ATE_test_f1: 94.54(max:94.69)
********************************************************************************
********************************************************************************
Train 5 Epoch4, Evaluate for atepc_datasets/restaurant
APC_test_acc: 79.92(max: 81.18)  APC_test_f1: 72.23(max: 74.16)
ATE_test_f1: 94.88(max:94.88)
********************************************************************************
################################################################################
Train 5 Epoch5
################################################################################
********************************************************************************
Train 5 Epoch5, Evaluate for atepc_datasets/restaurant
APC_test_acc: 80.27(max: 81.18)  APC_test_f1: 73.16(max: 74.16)
ATE_test_f1: 94.24(max:94.88)
********************************************************************************
********************************************************************************
Train 5 Epoch5, Evaluate for atepc_datasets/restaurant
APC_test_acc: 78.93(max: 81.18)  APC_test_f1: 71.45(max: 74.16)
ATE_test_f1: 95.07(max:95.07)
********************************************************************************
********************************************************************************
Train 5 Epoch5, Evaluate for atepc_datasets/restaurant
APC_test_acc: 80.13(max: 81.18)  APC_test_f1: 72.94(max: 74.16)
ATE_test_f1: 95.46(max:95.46)
********************************************************************************
********************************************************************************
Train 5 Epoch5, Evaluate for atepc_datasets/restaurant
APC_test_acc: 80.9(max: 81.18)  APC_test_f1: 73.23(max: 74.16)
ATE_test_f1: 95.2(max:95.46)
********************************************************************************
********************************************************************************
Train 5 Epoch5, Evaluate for atepc_datasets/restaurant
APC_test_acc: 79.63(max: 81.18)  APC_test_f1: 71.85(max: 74.16)
ATE_test_f1: 95.35(max:95.46)
********************************************************************************
********************************************************************************
Train 5 Epoch5, Evaluate for atepc_datasets/restaurant
APC_test_acc: 79.92(max: 81.18)  APC_test_f1: 71.97(max: 74.16)
ATE_test_f1: 93.76(max:95.46)
********************************************************************************
********************************************************************************
Train 5 Epoch5, Evaluate for atepc_datasets/restaurant
APC_test_acc: 77.17(max: 81.18)  APC_test_f1: 70.8(max: 74.16)
ATE_test_f1: 95.2(max:95.46)
********************************************************************************
********************************************************************************
Train 5 Epoch5, Evaluate for atepc_datasets/restaurant
APC_test_acc: 80.69(max: 81.18)  APC_test_f1: 72.79(max: 74.16)
ATE_test_f1: 95.27(max:95.46)
********************************************************************************
********************************************************************************
Train 5 Epoch5, Evaluate for atepc_datasets/restaurant
APC_test_acc: 79.56(max: 81.18)  APC_test_f1: 72.73(max: 74.16)
ATE_test_f1: 94.5(max:95.46)
********************************************************************************
********************************************************************************
Train 5 Epoch5, Evaluate for atepc_datasets/restaurant
APC_test_acc: 78.15(max: 81.18)  APC_test_f1: 71.36(max: 74.16)
ATE_test_f1: 95.01(max:95.46)
********************************************************************************
max_ate_test_f1:95.46 max_apc_test_acc: 81.18	max_apc_test_f1: 74.16 	
